<?xml version="1.0" encoding="UTF-8"?>
<coverage generated="1785460914253" clover="3.2.0">
  <project timestamp="1785460914253" name="All files">
    <metrics statements="349" coveredstatements="297" conditionals="283" coveredconditionals="248" methods="139" coveredmethods="120" elements="771" coveredelements="665" complexity="0" loc="349" ncloc="349" packages="7" files="29" classes="29"/>
    <package name="components.auth">
      <metrics statements="14" coveredstatements="14" conditionals="10" coveredconditionals="10" methods="2" coveredmethods="2"/>
      <file name="PremiumRoute.tsx" path="/home/admin/.openclaw/workspace/free-templates-firebase/src/components/auth/PremiumRoute.tsx">
        <metrics statements="8" coveredstatements="8" conditionals="6" coveredconditionals="6" methods="1" coveredmethods="1"/>
        <line num="9" count="4" type="stmt"/>
        <line num="11" count="4" type="cond" truecount="2" falsecount="0"/>
        <line num="12" count="1" type="stmt"/>
        <line num="19" count="3" type="cond" truecount="2" falsecount="0"/>
        <line num="20" count="1" type="stmt"/>
        <line num="23" count="2" type="cond" truecount="2" falsecount="0"/>
        <line num="24" count="1" type="stmt"/>
        <line num="27" count="1" type="stmt"/>
      </file>
      <file name="ProtectedRoute.tsx" path="/home/admin/.openclaw/workspace/free-templates-firebase/src/components/auth/ProtectedRoute.tsx">
        <metrics statements="6" coveredstatements="6" conditionals="4" coveredconditionals="4" methods="1" coveredmethods="1"/>
        <line num="9" count="3" type="stmt"/>
        <line num="11" count="3" type="cond" truecount="2" falsecount="0"/>
        <line num="12" count="1" type="stmt"/>
        <line num="19" count="2" type="cond" truecount="2" falsecount="0"/>
        <line num="20" count="1" type="stmt"/>
        <line num="23" count="1" type="stmt"/>
      </file>
    </package>
    <package name="components.layout">
      <metrics statements="29" coveredstatements="25" conditionals="18" coveredconditionals="18" methods="16" coveredmethods="12"/>
      <file name="Footer.tsx" path="/home/admin/.openclaw/workspace/free-templates-firebase/src/components/layout/Footer.tsx">
        <metrics statements="4" coveredstatements="4" conditionals="0" coveredconditionals="0" methods="3" coveredmethods="3"/>
        <line num="3" count="1" type="stmt"/>
        <line num="32" count="8" type="stmt"/>
        <line num="48" count="24" type="stmt"/>
        <line num="52" count="80" type="stmt"/>
      </file>
      <file name="Layout.tsx" path="/home/admin/.openclaw/workspace/free-templates-firebase/src/components/layout/Layout.tsx">
        <metrics statements="1" coveredstatements="1" conditionals="0" coveredconditionals="0" methods="1" coveredmethods="1"/>
        <line num="7" count="7" type="stmt"/>
      </file>
      <file name="Navbar.tsx" path="/home/admin/.openclaw/workspace/free-templates-firebase/src/components/layout/Navbar.tsx">
        <metrics statements="24" coveredstatements="20" conditionals="18" coveredconditionals="18" methods="12" coveredmethods="8"/>
        <line num="11" count="34" type="stmt"/>
        <line num="12" count="34" type="stmt"/>
        <line num="13" count="34" type="stmt"/>
        <line num="14" count="34" type="stmt"/>
        <line num="15" count="34" type="stmt"/>
        <line num="17" count="34" type="stmt"/>
        <line num="18" count="2" type="stmt"/>
        <line num="19" count="2" type="cond" truecount="2" falsecount="0"/>
        <line num="20" count="1" type="stmt"/>
        <line num="21" count="1" type="stmt"/>
        <line num="25" count="34" type="stmt"/>
        <line num="26" count="1" type="stmt"/>
        <line num="27" count="1" type="stmt"/>
        <line num="28" count="1" type="stmt"/>
        <line num="31" count="34" type="stmt"/>
        <line num="48" count="2" type="stmt"/>
        <line num="86" count="5" type="stmt"/>
        <line num="100" count="0" type="stmt"/>
        <line num="109" count="0" type="stmt"/>
        <line num="117" count="0" type="stmt"/>
        <line num="152" count="1" type="stmt"/>
        <line num="171" count="0" type="stmt"/>
        <line num="180" count="1" type="stmt"/>
        <line num="187" count="1" type="stmt"/>
      </file>
    </package>
    <package name="components.seo">
      <metrics statements="5" coveredstatements="5" conditionals="10" coveredconditionals="10" methods="1" coveredmethods="1"/>
      <file name="SEOHead.tsx" path="/home/admin/.openclaw/workspace/free-templates-firebase/src/components/seo/SEOHead.tsx">
        <metrics statements="5" coveredstatements="5" conditionals="10" coveredconditionals="10" methods="1" coveredmethods="1"/>
        <line num="12" count="1" type="stmt"/>
        <line num="14" count="1" type="stmt"/>
        <line num="15" count="1" type="stmt"/>
        <line num="25" count="14" type="cond" truecount="2" falsecount="0"/>
        <line num="27" count="14" type="stmt"/>
      </file>
    </package>
    <package name="components.ui">
      <metrics statements="92" coveredstatements="92" conditionals="122" coveredconditionals="118" methods="33" coveredmethods="33"/>
      <file name="Badge.tsx" path="/home/admin/.openclaw/workspace/free-templates-firebase/src/components/ui/Badge.tsx">
        <metrics statements="2" coveredstatements="2" conditionals="1" coveredconditionals="1" methods="1" coveredmethods="1"/>
        <line num="4" count="1" type="stmt"/>
        <line num="20" count="6" type="stmt"/>
      </file>
      <file name="Breadcrumbs.tsx" path="/home/admin/.openclaw/workspace/free-templates-firebase/src/components/ui/Breadcrumbs.tsx">
        <metrics statements="4" coveredstatements="4" conditionals="15" coveredconditionals="15" methods="2" coveredmethods="2"/>
        <line num="17" count="12" type="cond" truecount="2" falsecount="0"/>
        <line num="19" count="12" type="stmt"/>
        <line num="23" count="34" type="stmt"/>
        <line num="25" count="34" type="stmt"/>
      </file>
      <file name="Button.tsx" path="/home/admin/.openclaw/workspace/free-templates-firebase/src/components/ui/Button.tsx">
        <metrics statements="5" coveredstatements="5" conditionals="6" coveredconditionals="6" methods="1" coveredmethods="1"/>
        <line num="4" count="4" type="stmt"/>
        <line num="17" count="4" type="stmt"/>
        <line num="30" count="4" type="stmt"/>
        <line num="35" count="76" type="stmt"/>
        <line num="70" count="4" type="stmt"/>
      </file>
      <file name="Card.tsx" path="/home/admin/.openclaw/workspace/free-templates-firebase/src/components/ui/Card.tsx">
        <metrics statements="6" coveredstatements="6" conditionals="3" coveredconditionals="3" methods="4" coveredmethods="4"/>
        <line num="8" count="1" type="stmt"/>
        <line num="10" count="7" type="stmt"/>
        <line num="26" count="1" type="stmt"/>
        <line num="29" count="3" type="stmt"/>
        <line num="37" count="3" type="stmt"/>
        <line num="45" count="3" type="stmt"/>
      </file>
      <file name="ErrorBoundary.tsx" path="/home/admin/.openclaw/workspace/free-templates-firebase/src/components/ui/ErrorBoundary.tsx">
        <metrics statements="11" coveredstatements="11" conditionals="6" coveredconditionals="6" methods="5" coveredmethods="5"/>
        <line num="17" count="16" type="stmt"/>
        <line num="18" count="16" type="stmt"/>
        <line num="22" count="14" type="stmt"/>
        <line num="26" count="7" type="stmt"/>
        <line num="29" count="1" type="stmt"/>
        <line num="30" count="1" type="stmt"/>
        <line num="34" count="31" type="cond" truecount="2" falsecount="0"/>
        <line num="35" count="15" type="cond" truecount="2" falsecount="0"/>
        <line num="36" count="2" type="stmt"/>
        <line num="39" count="13" type="stmt"/>
        <line num="66" count="16" type="stmt"/>
      </file>
      <file name="Input.tsx" path="/home/admin/.openclaw/workspace/free-templates-firebase/src/components/ui/Input.tsx">
        <metrics statements="4" coveredstatements="4" conditionals="24" coveredconditionals="24" methods="1" coveredmethods="1"/>
        <line num="11" count="1" type="stmt"/>
        <line num="13" count="16" type="cond" truecount="2" falsecount="0"/>
        <line num="15" count="16" type="stmt"/>
        <line num="72" count="1" type="stmt"/>
      </file>
      <file name="LazyImage.tsx" path="/home/admin/.openclaw/workspace/free-templates-firebase/src/components/ui/LazyImage.tsx">
        <metrics statements="15" coveredstatements="15" conditionals="17" coveredconditionals="15" methods="5" coveredmethods="5"/>
        <line num="23" count="19" type="stmt"/>
        <line num="24" count="19" type="stmt"/>
        <line num="25" count="19" type="stmt"/>
        <line num="27" count="19" type="stmt"/>
        <line num="28" count="13" type="stmt"/>
        <line num="29" count="13" type="cond" truecount="1" falsecount="1"/>
        <line num="31" count="13" type="stmt"/>
        <line num="33" count="6" type="cond" truecount="2" falsecount="0"/>
        <line num="34" count="5" type="stmt"/>
        <line num="35" count="5" type="stmt"/>
        <line num="41" count="13" type="stmt"/>
        <line num="42" count="13" type="stmt"/>
        <line num="45" count="19" type="cond" truecount="2" falsecount="0"/>
        <line num="49" count="19" type="stmt"/>
        <line num="64" count="1" type="stmt"/>
      </file>
      <file name="Modal.tsx" path="/home/admin/.openclaw/workspace/free-templates-firebase/src/components/ui/Modal.tsx">
        <metrics statements="38" coveredstatements="38" conditionals="38" coveredconditionals="36" methods="9" coveredmethods="9"/>
        <line num="17" count="1" type="stmt"/>
        <line num="23" count="1" type="stmt"/>
        <line num="29" count="22" type="stmt"/>
        <line num="30" count="22" type="cond" truecount="4" falsecount="0"/>
        <line num="32" count="21" type="stmt"/>
        <line num="33" count="21" type="stmt"/>
        <line num="37" count="21" type="stmt"/>
        <line num="38" count="21" type="stmt"/>
        <line num="39" count="21" type="stmt"/>
        <line num="40" count="21" type="stmt"/>
        <line num="43" count="21" type="stmt"/>
        <line num="45" count="22" type="stmt"/>
        <line num="46" count="3" type="cond" truecount="2" falsecount="0"/>
        <line num="47" count="2" type="cond" truecount="2" falsecount="0"/>
        <line num="49" count="1" type="cond" truecount="1" falsecount="1"/>
        <line num="50" count="1" type="stmt"/>
        <line num="51" count="1" type="stmt"/>
        <line num="55" count="1" type="cond" truecount="1" falsecount="1"/>
        <line num="56" count="1" type="stmt"/>
        <line num="57" count="1" type="stmt"/>
        <line num="63" count="22" type="stmt"/>
        <line num="65" count="22" type="stmt"/>
        <line num="66" count="21" type="stmt"/>
        <line num="68" count="21" type="stmt"/>
        <line num="83" count="22" type="stmt"/>
        <line num="86" count="22" type="stmt"/>
        <line num="88" count="3" type="cond" truecount="2" falsecount="0"/>
        <line num="93" count="22" type="stmt"/>
        <line num="94" count="22" type="cond" truecount="2" falsecount="0"/>
        <line num="95" count="21" type="stmt"/>
        <line num="96" count="21" type="stmt"/>
        <line num="98" count="22" type="stmt"/>
        <line num="99" count="22" type="stmt"/>
        <line num="100" count="22" type="stmt"/>
        <line num="104" count="22" type="stmt"/>
        <line num="106" count="22" type="cond" truecount="2" falsecount="0"/>
        <line num="108" count="21" type="stmt"/>
        <line num="191" count="6" type="stmt"/>
      </file>
      <file name="NetworkStatusBanner.tsx" path="/home/admin/.openclaw/workspace/free-templates-firebase/src/components/ui/NetworkStatusBanner.tsx">
        <metrics statements="3" coveredstatements="3" conditionals="2" coveredconditionals="2" methods="1" coveredmethods="1"/>
        <line num="9" count="3" type="stmt"/>
        <line num="11" count="3" type="cond" truecount="2" falsecount="0"/>
        <line num="13" count="2" type="stmt"/>
      </file>
      <file name="Skeleton.tsx" path="/home/admin/.openclaw/workspace/free-templates-firebase/src/components/ui/Skeleton.tsx">
        <metrics statements="4" coveredstatements="4" conditionals="10" coveredconditionals="10" methods="4" coveredmethods="4"/>
        <line num="9" count="35" type="stmt"/>
        <line num="25" count="1" type="stmt"/>
        <line num="42" count="3" type="stmt"/>
        <line num="45" count="8" type="stmt"/>
      </file>
    </package>
    <package name="hooks">
      <metrics statements="34" coveredstatements="34" conditionals="18" coveredconditionals="17" methods="23" coveredmethods="23"/>
      <file name="useDocumentTitle.ts" path="/home/admin/.openclaw/workspace/free-templates-firebase/src/hooks/useDocumentTitle.ts">
        <metrics statements="5" coveredstatements="5" conditionals="0" coveredconditionals="0" methods="3" coveredmethods="3"/>
        <line num="7" count="8" type="stmt"/>
        <line num="9" count="8" type="stmt"/>
        <line num="10" count="8" type="stmt"/>
        <line num="11" count="8" type="stmt"/>
        <line num="12" count="8" type="stmt"/>
      </file>
      <file name="useDownloads.ts" path="/home/admin/.openclaw/workspace/free-templates-firebase/src/hooks/useDownloads.ts">
        <metrics statements="2" coveredstatements="2" conditionals="0" coveredconditionals="0" methods="2" coveredmethods="2"/>
        <line num="12" count="13" type="stmt"/>
        <line num="14" count="6" type="stmt"/>
      </file>
      <file name="useNetworkStatus.ts" path="/home/admin/.openclaw/workspace/free-templates-firebase/src/hooks/useNetworkStatus.ts">
        <metrics statements="10" coveredstatements="10" conditionals="2" coveredconditionals="1" methods="5" coveredmethods="5"/>
        <line num="8" count="8" type="cond" truecount="1" falsecount="1"/>
        <line num="10" count="8" type="stmt"/>
        <line num="11" count="6" type="stmt"/>
        <line num="12" count="6" type="stmt"/>
        <line num="14" count="6" type="stmt"/>
        <line num="15" count="6" type="stmt"/>
        <line num="17" count="6" type="stmt"/>
        <line num="18" count="6" type="stmt"/>
        <line num="19" count="6" type="stmt"/>
        <line num="23" count="8" type="stmt"/>
      </file>
      <file name="useScrollToTop.ts" path="/home/admin/.openclaw/workspace/free-templates-firebase/src/hooks/useScrollToTop.ts">
        <metrics statements="3" coveredstatements="3" conditionals="0" coveredconditionals="0" methods="2" coveredmethods="2"/>
        <line num="8" count="4" type="stmt"/>
        <line num="10" count="4" type="stmt"/>
        <line num="11" count="4" type="stmt"/>
      </file>
      <file name="useTemplate.ts" path="/home/admin/.openclaw/workspace/free-templates-firebase/src/hooks/useTemplate.ts">
        <metrics statements="4" coveredstatements="4" conditionals="2" coveredconditionals="2" methods="4" coveredmethods="4"/>
        <line num="9" count="12" type="stmt"/>
        <line num="11" count="6" type="stmt"/>
        <line num="20" count="7" type="stmt"/>
        <line num="22" count="2" type="stmt"/>
      </file>
      <file name="useTemplateDownloadCount.ts" path="/home/admin/.openclaw/workspace/free-templates-firebase/src/hooks/useTemplateDownloadCount.ts">
        <metrics statements="6" coveredstatements="6" conditionals="2" coveredconditionals="2" methods="3" coveredmethods="3"/>
        <line num="12" count="10" type="stmt"/>
        <line num="15" count="5" type="stmt"/>
        <line num="22" count="5" type="stmt"/>
        <line num="23" count="5" type="stmt"/>
        <line num="24" count="5" type="cond" truecount="2" falsecount="0"/>
        <line num="26" count="4" type="stmt"/>
      </file>
      <file name="useTemplates.ts" path="/home/admin/.openclaw/workspace/free-templates-firebase/src/hooks/useTemplates.ts">
        <metrics statements="4" coveredstatements="4" conditionals="12" coveredconditionals="12" methods="4" coveredmethods="4"/>
        <line num="18" count="16" type="stmt"/>
        <line num="20" count="9" type="stmt"/>
        <line num="21" count="39" type="stmt"/>
        <line num="29" count="11" type="stmt"/>
      </file>
    </package>
    <package name="lib">
      <metrics statements="136" coveredstatements="88" conditionals="87" coveredconditionals="57" methods="52" coveredmethods="37"/>
      <file name="api.ts" path="/home/admin/.openclaw/workspace/free-templates-firebase/src/lib/api.ts">
        <metrics statements="105" coveredstatements="60" conditionals="71" coveredconditionals="43" methods="40" coveredmethods="27"/>
        <line num="13" count="1" type="stmt"/>
        <line num="19" count="1" type="stmt"/>
        <line num="688" count="99" type="stmt"/>
        <line num="696" count="495" type="stmt"/>
        <line num="705" count="24" type="stmt"/>
        <line num="717" count="0" type="stmt"/>
        <line num="719" count="0" type="cond" truecount="0" falsecount="2"/>
        <line num="720" count="0" type="stmt"/>
        <line num="722" count="0" type="cond" truecount="0" falsecount="2"/>
        <line num="723" count="0" type="stmt"/>
        <line num="725" count="0" type="cond" truecount="0" falsecount="2"/>
        <line num="726" count="0" type="stmt"/>
        <line num="729" count="0" type="stmt"/>
        <line num="730" count="0" type="stmt"/>
        <line num="731" count="0" type="stmt"/>
        <line num="733" count="0" type="stmt"/>
        <line num="736" count="0" type="cond" truecount="0" falsecount="2"/>
        <line num="737" count="0" type="stmt"/>
        <line num="738" count="0" type="stmt"/>
        <line num="740" count="0" type="cond" truecount="0" falsecount="3"/>
        <line num="742" count="0" type="stmt"/>
        <line num="747" count="0" type="cond" truecount="0" falsecount="4"/>
        <line num="749" count="0" type="stmt"/>
        <line num="750" count="0" type="stmt"/>
        <line num="752" count="0" type="stmt"/>
        <line num="753" count="0" type="stmt"/>
        <line num="756" count="0" type="stmt"/>
        <line num="757" count="0" type="stmt"/>
        <line num="760" count="0" type="stmt"/>
        <line num="761" count="0" type="stmt"/>
        <line num="762" count="0" type="stmt"/>
        <line num="763" count="0" type="stmt"/>
        <line num="765" count="0" type="stmt"/>
        <line num="774" count="13" type="cond" truecount="1" falsecount="1"/>
        <line num="775" count="13" type="stmt"/>
        <line num="784" count="13" type="stmt"/>
        <line num="786" count="13" type="stmt"/>
        <line num="789" count="13" type="cond" truecount="2" falsecount="0"/>
        <line num="790" count="2" type="stmt"/>
        <line num="791" count="2" type="stmt"/>
        <line num="793" count="48" type="cond" truecount="3" falsecount="0"/>
        <line num="795" count="126" type="stmt"/>
        <line num="800" count="13" type="cond" truecount="2" falsecount="0"/>
        <line num="801" count="48" type="stmt"/>
        <line num="805" count="13" type="cond" truecount="2" falsecount="0"/>
        <line num="806" count="24" type="stmt"/>
        <line num="810" count="13" type="cond" truecount="2" falsecount="0"/>
        <line num="811" count="48" type="stmt"/>
        <line num="815" count="13" type="cond" truecount="4" falsecount="0"/>
        <line num="817" count="75" type="stmt"/>
        <line num="818" count="1" type="stmt"/>
        <line num="820" count="81" type="stmt"/>
        <line num="821" count="1" type="stmt"/>
        <line num="824" count="136" type="stmt"/>
        <line num="825" count="11" type="stmt"/>
        <line num="828" count="13" type="stmt"/>
        <line num="829" count="13" type="stmt"/>
        <line num="830" count="13" type="stmt"/>
        <line num="831" count="13" type="stmt"/>
        <line num="833" count="13" type="stmt"/>
        <line num="837" count="0" type="stmt"/>
        <line num="838" count="0" type="stmt"/>
        <line num="839" count="0" type="stmt"/>
        <line num="840" count="0" type="cond" truecount="0" falsecount="2"/>
        <line num="841" count="0" type="stmt"/>
        <line num="842" count="0" type="stmt"/>
        <line num="849" count="4" type="cond" truecount="1" falsecount="1"/>
        <line num="850" count="4" type="stmt"/>
        <line num="851" count="50" type="stmt"/>
        <line num="852" count="4" type="cond" truecount="2" falsecount="0"/>
        <line num="860" count="0" type="stmt"/>
        <line num="861" count="0" type="stmt"/>
        <line num="867" count="0" type="stmt"/>
        <line num="868" count="0" type="stmt"/>
        <line num="869" count="0" type="stmt"/>
        <line num="870" count="0" type="stmt"/>
        <line num="883" count="5" type="cond" truecount="1" falsecount="1"/>
        <line num="884" count="5" type="stmt"/>
        <line num="885" count="5" type="stmt"/>
        <line num="886" count="120" type="cond" truecount="2" falsecount="0"/>
        <line num="895" count="1" type="stmt"/>
        <line num="944" count="0" type="stmt"/>
        <line num="945" count="0" type="stmt"/>
        <line num="946" count="0" type="stmt"/>
        <line num="947" count="0" type="stmt"/>
        <line num="954" count="2" type="cond" truecount="1" falsecount="1"/>
        <line num="955" count="2" type="stmt"/>
        <line num="956" count="10" type="stmt"/>
        <line num="967" count="12" type="cond" truecount="1" falsecount="1"/>
        <line num="968" count="12" type="stmt"/>
        <line num="969" count="12" type="stmt"/>
        <line num="970" count="12" type="cond" truecount="1" falsecount="1"/>
        <line num="971" count="0" type="stmt"/>
        <line num="973" count="12" type="stmt"/>
        <line num="982" count="12" type="stmt"/>
        <line num="983" count="12" type="stmt"/>
        <line num="988" count="12" type="stmt"/>
        <line num="989" count="12" type="cond" truecount="4" falsecount="0"/>
        <line num="990" count="5" type="cond" truecount="1" falsecount="1"/>
        <line num="992" count="7" type="stmt"/>
        <line num="1012" count="3" type="stmt"/>
        <line num="1022" count="2" type="stmt"/>
        <line num="1032" count="2" type="stmt"/>
        <line num="1041" count="2" type="stmt"/>
        <line num="1054" count="3" type="stmt"/>
      </file>
      <file name="firebase.ts" path="/home/admin/.openclaw/workspace/free-templates-firebase/src/lib/firebase.ts">
        <metrics statements="11" coveredstatements="8" conditionals="4" coveredconditionals="2" methods="0" coveredmethods="0"/>
        <line num="6" count="1" type="stmt"/>
        <line num="15" count="1" type="stmt"/>
        <line num="17" count="1" type="stmt"/>
        <line num="18" count="1" type="stmt"/>
        <line num="19" count="1" type="stmt"/>
        <line num="22" count="1" type="cond" truecount="1" falsecount="1"/>
        <line num="23" count="1" type="stmt"/>
        <line num="24" count="1" type="cond" truecount="1" falsecount="1"/>
        <line num="25" count="0" type="stmt"/>
        <line num="26" count="0" type="stmt"/>
        <line num="27" count="0" type="stmt"/>
      </file>
      <file name="queryClient.ts" path="/home/admin/.openclaw/workspace/free-templates-firebase/src/lib/queryClient.ts">
        <metrics statements="11" coveredstatements="11" conditionals="0" coveredconditionals="0" methods="5" coveredmethods="3"/>
        <line num="7" count="3" type="stmt"/>
        <line num="8" count="3" type="stmt"/>
        <line num="9" count="3" type="stmt"/>
        <line num="11" count="3" type="stmt"/>
        <line num="12" count="3" type="stmt"/>
        <line num="14" count="3" type="stmt"/>
        <line num="16" count="3" type="stmt"/>
        <line num="17" count="2" type="stmt"/>
        <line num="18" count="2" type="stmt"/>
        <line num="22" count="3" type="stmt"/>
        <line num="27" count="6" type="stmt"/>
      </file>
      <file name="utils.ts" path="/home/admin/.openclaw/workspace/free-templates-firebase/src/lib/utils.ts">
        <metrics statements="9" coveredstatements="9" conditionals="12" coveredconditionals="12" methods="7" coveredmethods="7"/>
        <line num="5" count="230" type="stmt"/>
        <line num="9" count="8" type="cond" truecount="2" falsecount="0"/>
        <line num="10" count="6" type="cond" truecount="2" falsecount="0"/>
        <line num="11" count="3" type="stmt"/>
        <line num="15" count="2" type="cond" truecount="2" falsecount="0"/>
        <line num="16" count="2" type="stmt"/>
        <line num="20" count="5" type="stmt"/>
        <line num="41" count="11" type="cond" truecount="2" falsecount="0"/>
        <line num="48" count="8" type="stmt"/>
      </file>
    </package>
    <package name="stores">
      <metrics statements="39" coveredstatements="39" conditionals="18" coveredconditionals="18" methods="12" coveredmethods="12"/>
      <file name="authStore.ts" path="/home/admin/.openclaw/workspace/free-templates-firebase/src/stores/authStore.ts">
        <metrics statements="25" coveredstatements="25" conditionals="14" coveredconditionals="14" methods="6" coveredmethods="6"/>
        <line num="16" count="1" type="stmt"/>
        <line num="26" count="1" type="stmt"/>
        <line num="27" count="1" type="stmt"/>
        <line num="30" count="10" type="cond" truecount="2" falsecount="0"/>
        <line num="32" count="9" type="stmt"/>
        <line num="33" count="10" type="cond" truecount="2" falsecount="0"/>
        <line num="34" count="7" type="stmt"/>
        <line num="37" count="7" type="stmt"/>
        <line num="38" count="7" type="stmt"/>
        <line num="41" count="4" type="cond" truecount="2" falsecount="0"/>
        <line num="42" count="3" type="stmt"/>
        <line num="43" count="3" type="stmt"/>
        <line num="54" count="1" type="stmt"/>
        <line num="64" count="2" type="stmt"/>
        <line num="65" count="2" type="stmt"/>
        <line num="76" count="3" type="cond" truecount="2" falsecount="0"/>
        <line num="77" count="1" type="stmt"/>
        <line num="78" count="1" type="stmt"/>
        <line num="80" count="3" type="stmt"/>
        <line num="93" count="13" type="cond" truecount="2" falsecount="0"/>
        <line num="94" count="5" type="stmt"/>
        <line num="95" count="5" type="stmt"/>
        <line num="97" count="13" type="cond" truecount="2" falsecount="0"/>
        <line num="98" count="9" type="stmt"/>
        <line num="99" count="9" type="stmt"/>
      </file>
      <file name="uiStore.ts" path="/home/admin/.openclaw/workspace/free-templates-firebase/src/stores/uiStore.ts">
        <metrics statements="14" coveredstatements="14" conditionals="4" coveredconditionals="4" methods="6" coveredmethods="6"/>
        <line num="11" count="1" type="stmt"/>
        <line num="13" count="1" type="stmt"/>
        <line num="17" count="115" type="stmt"/>
        <line num="18" count="115" type="stmt"/>
        <line num="19" count="115" type="cond" truecount="2" falsecount="0"/>
        <line num="20" count="60" type="stmt"/>
        <line num="22" count="55" type="stmt"/>
        <line num="24" count="115" type="stmt"/>
        <line num="26" count="109" type="stmt"/>
        <line num="30" count="242" type="stmt"/>
        <line num="31" count="4" type="stmt"/>
        <line num="32" count="4" type="cond" truecount="2" falsecount="0"/>
        <line num="33" count="1" type="stmt"/>
        <line num="35" count="3" type="stmt"/>
      </file>
    </package>
  </project>
</coverage>
