{"/home/admin/.openclaw/workspace/free-templates-firebase/src/components/auth/PremiumRoute.tsx": {"path":"/home/admin/.openclaw/workspace/free-templates-firebase/src/components/auth/PremiumRoute.tsx","statementMap":{"0":{"start":{"line":9,"column":41},"end":{"line":9,"column":54}},"1":{"start":{"line":11,"column":2},"end":{"line":17,"column":null}},"2":{"start":{"line":12,"column":4},"end":{"line":15,"column":null}},"3":{"start":{"line":19,"column":2},"end":{"line":21,"column":null}},"4":{"start":{"line":20,"column":4},"end":{"line":20,"column":null}},"5":{"start":{"line":23,"column":2},"end":{"line":25,"column":null}},"6":{"start":{"line":24,"column":4},"end":{"line":24,"column":null}},"7":{"start":{"line":27,"column":2},"end":{"line":27,"column":null}}},"fnMap":{"0":{"name":"PremiumRoute","decl":{"start":{"line":8,"column":16},"end":{"line":8,"column":29}},"loc":{"start":{"line":8,"column":62},"end":{"line":28,"column":null}},"line":8}},"branchMap":{"0":{"loc":{"start":{"line":11,"column":2},"end":{"line":17,"column":null}},"type":"if","locations":[{"start":{"line":11,"column":2},"end":{"line":17,"column":null}},{"start":{},"end":{}}],"line":11},"1":{"loc":{"start":{"line":19,"column":2},"end":{"line":21,"column":null}},"type":"if","locations":[{"start":{"line":19,"column":2},"end":{"line":21,"column":null}},{"start":{},"end":{}}],"line":19},"2":{"loc":{"start":{"line":23,"column":2},"end":{"line":25,"column":null}},"type":"if","locations":[{"start":{"line":23,"column":2},"end":{"line":25,"column":null}},{"start":{},"end":{}}],"line":23}},"s":{"0":4,"1":4,"2":1,"3":3,"4":1,"5":2,"6":1,"7":1},"f":{"0":4},"b":{"0":[1,3],"1":[1,2],"2":[1,1]},"meta":{"lastBranch":3,"lastFunction":1,"lastStatement":8,"seen":{"f:8:16:8:29":0,"s:9:41:9:54":0,"b:11:2:17:Infinity:undefined:undefined:undefined:undefined":0,"s:11:2:17:Infinity":1,"s:12:4:15:Infinity":2,"b:19:2:21:Infinity:undefined:undefined:undefined:undefined":1,"s:19:2:21:Infinity":3,"s:20:4:20:Infinity":4,"b:23:2:25:Infinity:undefined:undefined:undefined:undefined":2,"s:23:2:25:Infinity":5,"s:24:4:24:Infinity":6,"s:27:2:27:Infinity":7},"fnNames":{}}}
,"/home/admin/.openclaw/workspace/free-templates-firebase/src/components/auth/ProtectedRoute.tsx": {"path":"/home/admin/.openclaw/workspace/free-templates-firebase/src/components/auth/ProtectedRoute.tsx","statementMap":{"0":{"start":{"line":9,"column":30},"end":{"line":9,"column":43}},"1":{"start":{"line":11,"column":2},"end":{"line":17,"column":null}},"2":{"start":{"line":12,"column":4},"end":{"line":15,"column":null}},"3":{"start":{"line":19,"column":2},"end":{"line":21,"column":null}},"4":{"start":{"line":20,"column":4},"end":{"line":20,"column":null}},"5":{"start":{"line":23,"column":2},"end":{"line":23,"column":null}}},"fnMap":{"0":{"name":"ProtectedRoute","decl":{"start":{"line":8,"column":16},"end":{"line":8,"column":31}},"loc":{"start":{"line":8,"column":66},"end":{"line":24,"column":null}},"line":8}},"branchMap":{"0":{"loc":{"start":{"line":11,"column":2},"end":{"line":17,"column":null}},"type":"if","locations":[{"start":{"line":11,"column":2},"end":{"line":17,"column":null}},{"start":{},"end":{}}],"line":11},"1":{"loc":{"start":{"line":19,"column":2},"end":{"line":21,"column":null}},"type":"if","locations":[{"start":{"line":19,"column":2},"end":{"line":21,"column":null}},{"start":{},"end":{}}],"line":19}},"s":{"0":3,"1":3,"2":1,"3":2,"4":1,"5":1},"f":{"0":3},"b":{"0":[1,2],"1":[1,1]},"meta":{"lastBranch":2,"lastFunction":1,"lastStatement":6,"seen":{"f:8:16:8:31":0,"s:9:30:9:43":0,"b:11:2:17:Infinity:undefined:undefined:undefined:undefined":0,"s:11:2:17:Infinity":1,"s:12:4:15:Infinity":2,"b:19:2:21:Infinity:undefined:undefined:undefined:undefined":1,"s:19:2:21:Infinity":3,"s:20:4:20:Infinity":4,"s:23:2:23:Infinity":5},"fnNames":{}}}
,"/home/admin/.openclaw/workspace/free-templates-firebase/src/components/layout/Footer.tsx": {"path":"/home/admin/.openclaw/workspace/free-templates-firebase/src/components/layout/Footer.tsx","statementMap":{"0":{"start":{"line":3,"column":20},"end":{"line":29,"column":null}},"1":{"start":{"line":32,"column":2},"end":{"line":72,"column":null}},"2":{"start":{"line":48,"column":12},"end":{"line":62,"column":null}},"3":{"start":{"line":52,"column":18},"end":{"line":59,"column":null}}},"fnMap":{"0":{"name":"Footer","decl":{"start":{"line":31,"column":16},"end":{"line":31,"column":25}},"loc":{"start":{"line":31,"column":25},"end":{"line":74,"column":null}},"line":31},"1":{"name":"(anonymous_1)","decl":{"start":{"line":47,"column":23},"end":{"line":47,"column":28}},"loc":{"start":{"line":48,"column":12},"end":{"line":62,"column":null}},"line":48},"2":{"name":"(anonymous_2)","decl":{"start":{"line":51,"column":29},"end":{"line":51,"column":34}},"loc":{"start":{"line":52,"column":18},"end":{"line":59,"column":null}},"line":52}},"branchMap":{},"s":{"0":1,"1":8,"2":24,"3":80},"f":{"0":8,"1":24,"2":80},"b":{},"meta":{"lastBranch":0,"lastFunction":3,"lastStatement":4,"seen":{"s:3:20:29:Infinity":0,"f:31:16:31:25":0,"s:32:2:72:Infinity":1,"f:47:23:47:28":1,"s:48:12:62:Infinity":2,"f:51:29:51:34":2,"s:52:18:59:Infinity":3},"fnNames":{}}}
,"/home/admin/.openclaw/workspace/free-templates-firebase/src/components/layout/Layout.tsx": {"path":"/home/admin/.openclaw/workspace/free-templates-firebase/src/components/layout/Layout.tsx","statementMap":{"0":{"start":{"line":7,"column":2},"end":{"line":21,"column":null}}},"fnMap":{"0":{"name":"Layout","decl":{"start":{"line":6,"column":16},"end":{"line":6,"column":25}},"loc":{"start":{"line":6,"column":25},"end":{"line":23,"column":null}},"line":6}},"branchMap":{},"s":{"0":7},"f":{"0":7},"b":{},"meta":{"lastBranch":0,"lastFunction":1,"lastStatement":1,"seen":{"f:6:16:6:25":0,"s:7:2:21:Infinity":0},"fnNames":{}}}
,"/home/admin/.openclaw/workspace/free-templates-firebase/src/components/layout/Navbar.tsx": {"path":"/home/admin/.openclaw/workspace/free-templates-firebase/src/components/layout/Navbar.tsx","statementMap":{"0":{"start":{"line":11,"column":28},"end":{"line":11,"column":41}},"1":{"start":{"line":12,"column":78},"end":{"line":12,"column":89}},"2":{"start":{"line":13,"column":19},"end":{"line":13,"column":31}},"3":{"start":{"line":14,"column":42},"end":{"line":14,"column":null}},"4":{"start":{"line":15,"column":40},"end":{"line":15,"column":null}},"5":{"start":{"line":17,"column":8},"end":{"line":23,"column":null}},"6":{"start":{"line":18,"column":4},"end":{"line":18,"column":null}},"7":{"start":{"line":19,"column":4},"end":{"line":22,"column":null}},"8":{"start":{"line":20,"column":6},"end":{"line":20,"column":null}},"9":{"start":{"line":21,"column":6},"end":{"line":21,"column":null}},"10":{"start":{"line":25,"column":24},"end":{"line":29,"column":null}},"11":{"start":{"line":26,"column":4},"end":{"line":26,"column":null}},"12":{"start":{"line":27,"column":4},"end":{"line":27,"column":null}},"13":{"start":{"line":28,"column":4},"end":{"line":28,"column":null}},"14":{"start":{"line":31,"column":2},"end":{"line":195,"column":null}},"15":{"start":{"line":48,"column":31},"end":{"line":48,"column":null}},"16":{"start":{"line":86,"column":31},"end":{"line":86,"column":null}},"17":{"start":{"line":100,"column":35},"end":{"line":100,"column":null}},"18":{"start":{"line":109,"column":37},"end":{"line":109,"column":null}},"19":{"start":{"line":117,"column":37},"end":{"line":117,"column":null}},"20":{"start":{"line":152,"column":27},"end":{"line":152,"column":null}},"21":{"start":{"line":171,"column":33},"end":{"line":171,"column":null}},"22":{"start":{"line":180,"column":29},"end":{"line":180,"column":null}},"23":{"start":{"line":187,"column":29},"end":{"line":187,"column":null}}},"fnMap":{"0":{"name":"Navbar","decl":{"start":{"line":10,"column":16},"end":{"line":10,"column":25}},"loc":{"start":{"line":10,"column":25},"end":{"line":197,"column":null}},"line":10},"1":{"name":"(anonymous_1)","decl":{"start":{"line":17,"column":8},"end":{"line":17,"column":24}},"loc":{"start":{"line":17,"column":47},"end":{"line":23,"column":null}},"line":17},"2":{"name":"(anonymous_2)","decl":{"start":{"line":25,"column":24},"end":{"line":25,"column":36}},"loc":{"start":{"line":25,"column":36},"end":{"line":29,"column":null}},"line":25},"3":{"name":"(anonymous_3)","decl":{"start":{"line":48,"column":14},"end":{"line":48,"column":25}},"loc":{"start":{"line":48,"column":31},"end":{"line":48,"column":null}},"line":48},"4":{"name":"(anonymous_4)","decl":{"start":{"line":86,"column":16},"end":{"line":86,"column":31}},"loc":{"start":{"line":86,"column":31},"end":{"line":86,"column":null}},"line":86},"5":{"name":"(anonymous_5)","decl":{"start":{"line":100,"column":20},"end":{"line":100,"column":35}},"loc":{"start":{"line":100,"column":35},"end":{"line":100,"column":null}},"line":100},"6":{"name":"(anonymous_6)","decl":{"start":{"line":109,"column":22},"end":{"line":109,"column":37}},"loc":{"start":{"line":109,"column":37},"end":{"line":109,"column":null}},"line":109},"7":{"name":"(anonymous_7)","decl":{"start":{"line":117,"column":22},"end":{"line":117,"column":37}},"loc":{"start":{"line":117,"column":37},"end":{"line":117,"column":null}},"line":117},"8":{"name":"(anonymous_8)","decl":{"start":{"line":152,"column":12},"end":{"line":152,"column":27}},"loc":{"start":{"line":152,"column":27},"end":{"line":152,"column":null}},"line":152},"9":{"name":"(anonymous_9)","decl":{"start":{"line":171,"column":16},"end":{"line":171,"column":27}},"loc":{"start":{"line":171,"column":33},"end":{"line":171,"column":null}},"line":171},"10":{"name":"(anonymous_10)","decl":{"start":{"line":180,"column":14},"end":{"line":180,"column":29}},"loc":{"start":{"line":180,"column":29},"end":{"line":180,"column":null}},"line":180},"11":{"name":"(anonymous_11)","decl":{"start":{"line":187,"column":14},"end":{"line":187,"column":29}},"loc":{"start":{"line":187,"column":29},"end":{"line":187,"column":null}},"line":187}},"branchMap":{"0":{"loc":{"start":{"line":19,"column":4},"end":{"line":22,"column":null}},"type":"if","locations":[{"start":{"line":19,"column":4},"end":{"line":22,"column":null}},{"start":{},"end":{}}],"line":19},"1":{"loc":{"start":{"line":77,"column":24},"end":{"line":77,"column":null}},"type":"cond-expr","locations":[{"start":{"line":77,"column":37},"end":{"line":77,"column":62}},{"start":{"line":77,"column":62},"end":{"line":77,"column":null}}],"line":77},"2":{"loc":{"start":{"line":79,"column":13},"end":{"line":79,"column":null}},"type":"cond-expr","locations":[{"start":{"line":79,"column":26},"end":{"line":79,"column":57}},{"start":{"line":79,"column":56},"end":{"line":79,"column":null}}],"line":79},"3":{"loc":{"start":{"line":83,"column":11},"end":{"line":147,"column":null}},"type":"cond-expr","locations":[{"start":{"line":84,"column":12},"end":{"line":138,"column":13}},{"start":{"line":138,"column":12},"end":{"line":147,"column":null}}],"line":83},"4":{"loc":{"start":{"line":92,"column":19},"end":{"line":92,"column":null}},"type":"binary-expr","locations":[{"start":{"line":92,"column":19},"end":{"line":92,"column":43}},{"start":{"line":92,"column":43},"end":{"line":92,"column":null}}],"line":92},"5":{"loc":{"start":{"line":96,"column":15},"end":{"line":136,"column":null}},"type":"binary-expr","locations":[{"start":{"line":96,"column":15},"end":{"line":96,"column":null}},{"start":{"line":97,"column":16},"end":{"line":136,"column":null}}],"line":96},"6":{"loc":{"start":{"line":154,"column":24},"end":{"line":154,"column":null}},"type":"cond-expr","locations":[{"start":{"line":154,"column":43},"end":{"line":154,"column":69}},{"start":{"line":154,"column":69},"end":{"line":154,"column":null}}],"line":154},"7":{"loc":{"start":{"line":157,"column":13},"end":{"line":157,"column":null}},"type":"cond-expr","locations":[{"start":{"line":157,"column":32},"end":{"line":157,"column":61}},{"start":{"line":157,"column":60},"end":{"line":157,"column":null}}],"line":157},"8":{"loc":{"start":{"line":163,"column":7},"end":{"line":195,"column":null}},"type":"binary-expr","locations":[{"start":{"line":163,"column":7},"end":{"line":163,"column":null}},{"start":{"line":164,"column":8},"end":{"line":195,"column":null}}],"line":163}},"s":{"0":34,"1":34,"2":34,"3":34,"4":34,"5":34,"6":2,"7":2,"8":1,"9":1,"10":34,"11":1,"12":1,"13":1,"14":34,"15":2,"16":5,"17":0,"18":0,"19":0,"20":1,"21":0,"22":1,"23":1},"f":{"0":34,"1":2,"2":1,"3":2,"4":5,"5":0,"6":0,"7":0,"8":1,"9":0,"10":1,"11":1},"b":{"0":[1,1],"1":[1,33],"2":[1,33],"3":[12,22],"4":[12,1],"5":[12,5],"6":[7,27],"7":[7,27],"8":[34,7]},"meta":{"lastBranch":9,"lastFunction":12,"lastStatement":24,"seen":{"f:10:16:10:25":0,"s:11:28:11:41":0,"s:12:78:12:89":1,"s:13:19:13:31":2,"s:14:42:14:Infinity":3,"s:15:40:15:Infinity":4,"s:17:8:23:Infinity":5,"f:17:8:17:24":1,"s:18:4:18:Infinity":6,"b:19:4:22:Infinity:undefined:undefined:undefined:undefined":0,"s:19:4:22:Infinity":7,"s:20:6:20:Infinity":8,"s:21:6:21:Infinity":9,"s:25:24:29:Infinity":10,"f:25:24:25:36":2,"s:26:4:26:Infinity":11,"s:27:4:27:Infinity":12,"s:28:4:28:Infinity":13,"s:31:2:195:Infinity":14,"f:48:14:48:25":3,"s:48:31:48:Infinity":15,"b:77:37:77:62:77:62:77:Infinity":1,"b:79:26:79:57:79:56:79:Infinity":2,"b:84:12:138:13:138:12:147:Infinity":3,"f:86:16:86:31":4,"s:86:31:86:Infinity":16,"b:92:19:92:43:92:43:92:Infinity":4,"b:96:15:96:Infinity:97:16:136:Infinity":5,"f:100:20:100:35":5,"s:100:35:100:Infinity":17,"f:109:22:109:37":6,"s:109:37:109:Infinity":18,"f:117:22:117:37":7,"s:117:37:117:Infinity":19,"f:152:12:152:27":8,"s:152:27:152:Infinity":20,"b:154:43:154:69:154:69:154:Infinity":6,"b:157:32:157:61:157:60:157:Infinity":7,"b:163:7:163:Infinity:164:8:195:Infinity":8,"f:171:16:171:27":9,"s:171:33:171:Infinity":21,"f:180:14:180:29":10,"s:180:29:180:Infinity":22,"f:187:14:187:29":11,"s:187:29:187:Infinity":23},"fnNames":{}}}
,"/home/admin/.openclaw/workspace/free-templates-firebase/src/components/seo/SEOHead.tsx": {"path":"/home/admin/.openclaw/workspace/free-templates-firebase/src/components/seo/SEOHead.tsx","statementMap":{"0":{"start":{"line":12,"column":18},"end":{"line":12,"column":null}},"1":{"start":{"line":14,"column":2},"end":{"line":14,"column":null}},"2":{"start":{"line":15,"column":25},"end":{"line":15,"column":null}},"3":{"start":{"line":25,"column":20},"end":{"line":25,"column":null}},"4":{"start":{"line":27,"column":2},"end":{"line":42,"column":null}}},"fnMap":{"0":{"name":"SEOHead","decl":{"start":{"line":17,"column":16},"end":{"line":17,"column":24}},"loc":{"start":{"line":24,"column":17},"end":{"line":44,"column":null}},"line":24}},"branchMap":{"0":{"loc":{"start":{"line":19,"column":2},"end":{"line":19,"column":null}},"type":"default-arg","locations":[{"start":{"line":19,"column":16},"end":{"line":19,"column":null}}],"line":19},"1":{"loc":{"start":{"line":21,"column":2},"end":{"line":21,"column":null}},"type":"default-arg","locations":[{"start":{"line":21,"column":12},"end":{"line":21,"column":null}}],"line":21},"2":{"loc":{"start":{"line":22,"column":2},"end":{"line":22,"column":null}},"type":"default-arg","locations":[{"start":{"line":22,"column":11},"end":{"line":22,"column":null}}],"line":22},"3":{"loc":{"start":{"line":23,"column":2},"end":{"line":23,"column":null}},"type":"default-arg","locations":[{"start":{"line":23,"column":12},"end":{"line":23,"column":null}}],"line":23},"4":{"loc":{"start":{"line":25,"column":20},"end":{"line":25,"column":null}},"type":"cond-expr","locations":[{"start":{"line":25,"column":48},"end":{"line":25,"column":56}},{"start":{"line":25,"column":56},"end":{"line":25,"column":null}}],"line":25},"5":{"loc":{"start":{"line":40,"column":7},"end":{"line":40,"column":null}},"type":"binary-expr","locations":[{"start":{"line":40,"column":7},"end":{"line":40,"column":23}},{"start":{"line":40,"column":23},"end":{"line":40,"column":null}}],"line":40},"6":{"loc":{"start":{"line":41,"column":7},"end":{"line":41,"column":null}},"type":"binary-expr","locations":[{"start":{"line":41,"column":7},"end":{"line":41,"column":18}},{"start":{"line":41,"column":18},"end":{"line":41,"column":null}}],"line":41}},"s":{"0":1,"1":1,"2":1,"3":14,"4":14},"f":{"0":14},"b":{"0":[14],"1":[14],"2":[14],"3":[14],"4":[1,13],"5":[14,1],"6":[14,1]},"meta":{"lastBranch":7,"lastFunction":1,"lastStatement":5,"seen":{"s:12:18:12:Infinity":0,"s:14:2:14:Infinity":1,"s:15:25:15:Infinity":2,"f:17:16:17:24":0,"b:19:16:19:Infinity":0,"b:21:12:21:Infinity":1,"b:22:11:22:Infinity":2,"b:23:12:23:Infinity":3,"s:25:20:25:Infinity":3,"b:25:48:25:56:25:56:25:Infinity":4,"s:27:2:42:Infinity":4,"b:40:7:40:23:40:23:40:Infinity":5,"b:41:7:41:18:41:18:41:Infinity":6},"fnNames":{}}}
,"/home/admin/.openclaw/workspace/free-templates-firebase/src/components/ui/Badge.tsx": {"path":"/home/admin/.openclaw/workspace/free-templates-firebase/src/components/ui/Badge.tsx","statementMap":{"0":{"start":{"line":4,"column":22},"end":{"line":13,"column":null}},"1":{"start":{"line":20,"column":2},"end":{"line":30,"column":null}}},"fnMap":{"0":{"name":"Badge","decl":{"start":{"line":19,"column":16},"end":{"line":19,"column":22}},"loc":{"start":{"line":19,"column":87},"end":{"line":32,"column":null}},"line":19}},"branchMap":{"0":{"loc":{"start":{"line":19,"column":35},"end":{"line":19,"column":53}},"type":"default-arg","locations":[{"start":{"line":19,"column":45},"end":{"line":19,"column":53}}],"line":19}},"s":{"0":1,"1":6},"f":{"0":6},"b":{"0":[6]},"meta":{"lastBranch":1,"lastFunction":1,"lastStatement":2,"seen":{"s:4:22:13:Infinity":0,"f:19:16:19:22":0,"b:19:45:19:53":0,"s:20:2:30:Infinity":1},"fnNames":{}}}
,"/home/admin/.openclaw/workspace/free-templates-firebase/src/components/ui/Breadcrumbs.tsx": {"path":"/home/admin/.openclaw/workspace/free-templates-firebase/src/components/ui/Breadcrumbs.tsx","statementMap":{"0":{"start":{"line":17,"column":19},"end":{"line":17,"column":null}},"1":{"start":{"line":19,"column":2},"end":{"line":58,"column":null}},"2":{"start":{"line":23,"column":25},"end":{"line":23,"column":null}},"3":{"start":{"line":25,"column":10},"end":{"line":54,"column":null}}},"fnMap":{"0":{"name":"Breadcrumbs","decl":{"start":{"line":16,"column":16},"end":{"line":16,"column":28}},"loc":{"start":{"line":16,"column":88},"end":{"line":60,"column":null}},"line":16},"1":{"name":"(anonymous_1)","decl":{"start":{"line":22,"column":18},"end":{"line":22,"column":23}},"loc":{"start":{"line":22,"column":35},"end":{"line":56,"column":9}},"line":22}},"branchMap":{"0":{"loc":{"start":{"line":16,"column":48},"end":{"line":16,"column":88}},"type":"default-arg","locations":[{"start":{"line":16,"column":62},"end":{"line":16,"column":88}}],"line":16},"1":{"loc":{"start":{"line":17,"column":19},"end":{"line":17,"column":null}},"type":"cond-expr","locations":[{"start":{"line":17,"column":33},"end":{"line":17,"column":76}},{"start":{"line":17,"column":76},"end":{"line":17,"column":null}}],"line":17},"2":{"loc":{"start":{"line":27,"column":15},"end":{"line":29,"column":null}},"type":"binary-expr","locations":[{"start":{"line":27,"column":15},"end":{"line":27,"column":24}},{"start":{"line":27,"column":24},"end":{"line":29,"column":null}}],"line":27},"3":{"loc":{"start":{"line":29,"column":15},"end":{"line":54,"column":null}},"type":"cond-expr","locations":[{"start":{"line":30,"column":16},"end":{"line":40,"column":17}},{"start":{"line":40,"column":16},"end":{"line":54,"column":null}}],"line":29},"4":{"loc":{"start":{"line":31,"column":19},"end":{"line":36,"column":null}},"type":"cond-expr","locations":[{"start":{"line":32,"column":20},"end":{"line":36,"column":25}},{"start":{"line":36,"column":20},"end":{"line":36,"column":null}}],"line":31},"5":{"loc":{"start":{"line":41,"column":22},"end":{"line":41,"column":null}},"type":"binary-expr","locations":[{"start":{"line":41,"column":22},"end":{"line":41,"column":35}},{"start":{"line":41,"column":35},"end":{"line":41,"column":null}}],"line":41},"6":{"loc":{"start":{"line":44,"column":19},"end":{"line":50,"column":null}},"type":"cond-expr","locations":[{"start":{"line":45,"column":20},"end":{"line":50,"column":25}},{"start":{"line":50,"column":20},"end":{"line":50,"column":null}}],"line":44},"7":{"loc":{"start":{"line":44,"column":19},"end":{"line":44,"column":null}},"type":"binary-expr","locations":[{"start":{"line":44,"column":19},"end":{"line":44,"column":30}},{"start":{"line":44,"column":30},"end":{"line":44,"column":null}}],"line":44}},"s":{"0":12,"1":12,"2":34,"3":34},"f":{"0":12,"1":34},"b":{"0":[12],"1":[11,1],"2":[34,22],"3":[12,22],"4":[11,1],"5":[22,1],"6":[11,11],"7":[22,12]},"meta":{"lastBranch":8,"lastFunction":2,"lastStatement":4,"seen":{"f:16:16:16:28":0,"b:16:62:16:88":0,"s:17:19:17:Infinity":0,"b:17:33:17:76:17:76:17:Infinity":1,"s:19:2:58:Infinity":1,"f:22:18:22:23":1,"s:23:25:23:Infinity":2,"s:25:10:54:Infinity":3,"b:27:15:27:24:27:24:29:Infinity":2,"b:30:16:40:17:40:16:54:Infinity":3,"b:32:20:36:25:36:20:36:Infinity":4,"b:41:22:41:35:41:35:41:Infinity":5,"b:45:20:50:25:50:20:50:Infinity":6,"b:44:19:44:30:44:30:44:Infinity":7},"fnNames":{}}}
,"/home/admin/.openclaw/workspace/free-templates-firebase/src/components/ui/Button.tsx": {"path":"/home/admin/.openclaw/workspace/free-templates-firebase/src/components/ui/Button.tsx","statementMap":{"0":{"start":{"line":4,"column":17},"end":{"line":15,"column":null}},"1":{"start":{"line":17,"column":14},"end":{"line":22,"column":null}},"2":{"start":{"line":30,"column":22},"end":{"line":68,"column":null}},"3":{"start":{"line":35,"column":4},"end":{"line":65,"column":null}},"4":{"start":{"line":70,"column":0},"end":{"line":70,"column":null}}},"fnMap":{"0":{"name":"(anonymous_0)","decl":{"start":{"line":30,"column":22},"end":{"line":30,"column":null}},"loc":{"start":{"line":34,"column":7},"end":{"line":67,"column":null}},"line":34}},"branchMap":{"0":{"loc":{"start":{"line":32,"column":17},"end":{"line":32,"column":38}},"type":"default-arg","locations":[{"start":{"line":32,"column":27},"end":{"line":32,"column":38}}],"line":32},"1":{"loc":{"start":{"line":32,"column":38},"end":{"line":32,"column":51}},"type":"default-arg","locations":[{"start":{"line":32,"column":45},"end":{"line":32,"column":51}}],"line":32},"2":{"loc":{"start":{"line":38,"column":18},"end":{"line":38,"column":null}},"type":"binary-expr","locations":[{"start":{"line":38,"column":18},"end":{"line":38,"column":30}},{"start":{"line":38,"column":30},"end":{"line":38,"column":null}}],"line":38},"3":{"loc":{"start":{"line":47,"column":9},"end":{"line":64,"column":null}},"type":"binary-expr","locations":[{"start":{"line":47,"column":9},"end":{"line":47,"column":null}},{"start":{"line":48,"column":10},"end":{"line":64,"column":null}}],"line":47}},"s":{"0":4,"1":4,"2":4,"3":76,"4":4},"f":{"0":76},"b":{"0":[76],"1":[76],"2":[76,74],"3":[76,2]},"meta":{"lastBranch":4,"lastFunction":1,"lastStatement":5,"seen":{"s:4:17:15:Infinity":0,"s:17:14:22:Infinity":1,"s:30:22:68:Infinity":2,"f:30:22:30:Infinity":0,"b:32:27:32:38":0,"b:32:45:32:51":1,"s:35:4:65:Infinity":3,"b:38:18:38:30:38:30:38:Infinity":2,"b:47:9:47:Infinity:48:10:64:Infinity":3,"s:70:0:70:Infinity":4},"fnNames":{}}}
,"/home/admin/.openclaw/workspace/free-templates-firebase/src/components/ui/Card.tsx": {"path":"/home/admin/.openclaw/workspace/free-templates-firebase/src/components/ui/Card.tsx","statementMap":{"0":{"start":{"line":8,"column":20},"end":{"line":24,"column":null}},"1":{"start":{"line":10,"column":4},"end":{"line":21,"column":null}},"2":{"start":{"line":26,"column":0},"end":{"line":26,"column":null}},"3":{"start":{"line":29,"column":2},"end":{"line":32,"column":null}},"4":{"start":{"line":37,"column":2},"end":{"line":40,"column":null}},"5":{"start":{"line":45,"column":2},"end":{"line":51,"column":null}}},"fnMap":{"0":{"name":"(anonymous_0)","decl":{"start":{"line":8,"column":20},"end":{"line":8,"column":null}},"loc":{"start":{"line":9,"column":61},"end":{"line":23,"column":null}},"line":9},"1":{"name":"CardHeader","decl":{"start":{"line":28,"column":16},"end":{"line":28,"column":27}},"loc":{"start":{"line":28,"column":94},"end":{"line":34,"column":null}},"line":28},"2":{"name":"CardContent","decl":{"start":{"line":36,"column":16},"end":{"line":36,"column":28}},"loc":{"start":{"line":36,"column":95},"end":{"line":42,"column":null}},"line":36},"3":{"name":"CardFooter","decl":{"start":{"line":44,"column":16},"end":{"line":44,"column":27}},"loc":{"start":{"line":44,"column":94},"end":{"line":53,"column":null}},"line":44}},"branchMap":{"0":{"loc":{"start":{"line":9,"column":16},"end":{"line":9,"column":31}},"type":"default-arg","locations":[{"start":{"line":9,"column":24},"end":{"line":9,"column":31}}],"line":9},"1":{"loc":{"start":{"line":15,"column":10},"end":{"line":15,"column":null}},"type":"binary-expr","locations":[{"start":{"line":15,"column":10},"end":{"line":15,"column":19}},{"start":{"line":15,"column":19},"end":{"line":15,"column":null}}],"line":15}},"s":{"0":1,"1":7,"2":1,"3":3,"4":3,"5":3},"f":{"0":7,"1":3,"2":3,"3":3},"b":{"0":[7],"1":[7,1]},"meta":{"lastBranch":2,"lastFunction":4,"lastStatement":6,"seen":{"s:8:20:24:Infinity":0,"f:8:20:8:Infinity":0,"b:9:24:9:31":0,"s:10:4:21:Infinity":1,"b:15:10:15:19:15:19:15:Infinity":1,"s:26:0:26:Infinity":2,"f:28:16:28:27":1,"s:29:2:32:Infinity":3,"f:36:16:36:28":2,"s:37:2:40:Infinity":4,"f:44:16:44:27":3,"s:45:2:51:Infinity":5},"fnNames":{}}}
,"/home/admin/.openclaw/workspace/free-templates-firebase/src/components/ui/ErrorBoundary.tsx": {"path":"/home/admin/.openclaw/workspace/free-templates-firebase/src/components/ui/ErrorBoundary.tsx","statementMap":{"0":{"start":{"line":29,"column":2},"end":{"line":31,"column":null}},"1":{"start":{"line":17,"column":4},"end":{"line":17,"column":null}},"2":{"start":{"line":18,"column":4},"end":{"line":18,"column":null}},"3":{"start":{"line":22,"column":4},"end":{"line":22,"column":null}},"4":{"start":{"line":26,"column":4},"end":{"line":26,"column":null}},"5":{"start":{"line":30,"column":4},"end":{"line":30,"column":null}},"6":{"start":{"line":34,"column":4},"end":{"line":64,"column":null}},"7":{"start":{"line":35,"column":6},"end":{"line":37,"column":null}},"8":{"start":{"line":36,"column":8},"end":{"line":36,"column":null}},"9":{"start":{"line":39,"column":6},"end":{"line":62,"column":null}},"10":{"start":{"line":66,"column":4},"end":{"line":66,"column":null}}},"fnMap":{"0":{"name":"constructor","decl":{"start":{"line":16,"column":2},"end":{"line":16,"column":14}},"loc":{"start":{"line":16,"column":41},"end":{"line":19,"column":null}},"line":16},"1":{"name":"getDerivedStateFromError","decl":{"start":{"line":21,"column":9},"end":{"line":21,"column":34}},"loc":{"start":{"line":21,"column":68},"end":{"line":23,"column":null}},"line":21},"2":{"name":"componentDidCatch","decl":{"start":{"line":25,"column":2},"end":{"line":25,"column":20}},"loc":{"start":{"line":25,"column":56},"end":{"line":27,"column":null}},"line":25},"3":{"name":"(anonymous_3)","decl":{"start":{"line":29,"column":2},"end":{"line":29,"column":22}},"loc":{"start":{"line":29,"column":22},"end":{"line":31,"column":null}},"line":29},"4":{"name":"render","decl":{"start":{"line":33,"column":2},"end":{"line":33,"column":11}},"loc":{"start":{"line":33,"column":11},"end":{"line":67,"column":null}},"line":33}},"branchMap":{"0":{"loc":{"start":{"line":34,"column":4},"end":{"line":64,"column":null}},"type":"if","locations":[{"start":{"line":34,"column":4},"end":{"line":64,"column":null}},{"start":{},"end":{}}],"line":34},"1":{"loc":{"start":{"line":35,"column":6},"end":{"line":37,"column":null}},"type":"if","locations":[{"start":{"line":35,"column":6},"end":{"line":37,"column":null}},{"start":{},"end":{}}],"line":35},"2":{"loc":{"start":{"line":48,"column":11},"end":{"line":56,"column":null}},"type":"binary-expr","locations":[{"start":{"line":48,"column":11},"end":{"line":48,"column":null}},{"start":{"line":49,"column":12},"end":{"line":56,"column":null}}],"line":48}},"s":{"0":1,"1":16,"2":16,"3":14,"4":7,"5":1,"6":31,"7":15,"8":2,"9":13,"10":16},"f":{"0":16,"1":1,"2":7,"3":1,"4":31},"b":{"0":[15,16],"1":[2,13],"2":[13,13]},"meta":{"lastBranch":3,"lastFunction":5,"lastStatement":11,"seen":{"s:29:2:31:Infinity":0,"f:16:2:16:14":0,"s:17:4:17:Infinity":1,"s:18:4:18:Infinity":2,"f:21:9:21:34":1,"s:22:4:22:Infinity":3,"f:25:2:25:20":2,"s:26:4:26:Infinity":4,"f:29:2:29:22":3,"s:30:4:30:Infinity":5,"f:33:2:33:11":4,"b:34:4:64:Infinity:undefined:undefined:undefined:undefined":0,"s:34:4:64:Infinity":6,"b:35:6:37:Infinity:undefined:undefined:undefined:undefined":1,"s:35:6:37:Infinity":7,"s:36:8:36:Infinity":8,"s:39:6:62:Infinity":9,"b:48:11:48:Infinity:49:12:56:Infinity":2,"s:66:4:66:Infinity":10},"fnNames":{}}}
,"/home/admin/.openclaw/workspace/free-templates-firebase/src/components/ui/Input.tsx": {"path":"/home/admin/.openclaw/workspace/free-templates-firebase/src/components/ui/Input.tsx","statementMap":{"0":{"start":{"line":11,"column":21},"end":{"line":70,"column":null}},"1":{"start":{"line":13,"column":20},"end":{"line":13,"column":null}},"2":{"start":{"line":15,"column":4},"end":{"line":67,"column":null}},"3":{"start":{"line":72,"column":0},"end":{"line":72,"column":null}}},"fnMap":{"0":{"name":"(anonymous_0)","decl":{"start":{"line":11,"column":21},"end":{"line":11,"column":null}},"loc":{"start":{"line":12,"column":81},"end":{"line":69,"column":null}},"line":12}},"branchMap":{"0":{"loc":{"start":{"line":12,"column":46},"end":{"line":12,"column":61}},"type":"default-arg","locations":[{"start":{"line":12,"column":53},"end":{"line":12,"column":61}}],"line":12},"1":{"loc":{"start":{"line":13,"column":20},"end":{"line":13,"column":null}},"type":"binary-expr","locations":[{"start":{"line":13,"column":20},"end":{"line":13,"column":26}},{"start":{"line":13,"column":26},"end":{"line":13,"column":null}}],"line":13},"2":{"loc":{"start":{"line":17,"column":9},"end":{"line":23,"column":null}},"type":"binary-expr","locations":[{"start":{"line":17,"column":9},"end":{"line":17,"column":null}},{"start":{"line":18,"column":10},"end":{"line":23,"column":null}}],"line":17},"3":{"loc":{"start":{"line":27,"column":11},"end":{"line":33,"column":11}},"type":"binary-expr","locations":[{"start":{"line":27,"column":11},"end":{"line":27,"column":null}},{"start":{"line":28,"column":12},"end":{"line":33,"column":11}}],"line":27},"4":{"loc":{"start":{"line":39,"column":14},"end":{"line":41,"column":null}},"type":"cond-expr","locations":[{"start":{"line":40,"column":18},"end":{"line":40,"column":null}},{"start":{"line":41,"column":18},"end":{"line":41,"column":null}}],"line":39},"5":{"loc":{"start":{"line":42,"column":14},"end":{"line":42,"column":null}},"type":"binary-expr","locations":[{"start":{"line":42,"column":14},"end":{"line":42,"column":22}},{"start":{"line":42,"column":22},"end":{"line":42,"column":null}}],"line":42},"6":{"loc":{"start":{"line":43,"column":14},"end":{"line":43,"column":null}},"type":"binary-expr","locations":[{"start":{"line":43,"column":14},"end":{"line":43,"column":32}},{"start":{"line":43,"column":32},"end":{"line":43,"column":null}}],"line":43},"7":{"loc":{"start":{"line":46,"column":26},"end":{"line":46,"column":null}},"type":"cond-expr","locations":[{"start":{"line":46,"column":34},"end":{"line":46,"column":43}},{"start":{"line":46,"column":43},"end":{"line":46,"column":null}}],"line":46},"8":{"loc":{"start":{"line":47,"column":30},"end":{"line":47,"column":null}},"type":"cond-expr","locations":[{"start":{"line":47,"column":38},"end":{"line":47,"column":59}},{"start":{"line":47,"column":59},"end":{"line":47,"column":null}}],"line":47},"9":{"loc":{"start":{"line":47,"column":59},"end":{"line":47,"column":null}},"type":"cond-expr","locations":[{"start":{"line":47,"column":66},"end":{"line":47,"column":86}},{"start":{"line":47,"column":86},"end":{"line":47,"column":null}}],"line":47},"10":{"loc":{"start":{"line":52,"column":9},"end":{"line":59,"column":null}},"type":"binary-expr","locations":[{"start":{"line":52,"column":9},"end":{"line":52,"column":null}},{"start":{"line":53,"column":10},"end":{"line":59,"column":null}}],"line":52},"11":{"loc":{"start":{"line":62,"column":9},"end":{"line":65,"column":null}},"type":"binary-expr","locations":[{"start":{"line":62,"column":9},"end":{"line":62,"column":17}},{"start":{"line":62,"column":17},"end":{"line":62,"column":null}},{"start":{"line":63,"column":10},"end":{"line":65,"column":null}}],"line":62}},"s":{"0":1,"1":16,"2":16,"3":1},"f":{"0":16},"b":{"0":[16],"1":[16,15],"2":[16,12],"3":[16,1],"4":[3,13],"5":[16,1],"6":[16,1],"7":[3,13],"8":[3,13],"9":[1,12],"10":[16,3],"11":[16,2,1]},"meta":{"lastBranch":12,"lastFunction":1,"lastStatement":4,"seen":{"s:11:21:70:Infinity":0,"f:11:21:11:Infinity":0,"b:12:53:12:61":0,"s:13:20:13:Infinity":1,"b:13:20:13:26:13:26:13:Infinity":1,"s:15:4:67:Infinity":2,"b:17:9:17:Infinity:18:10:23:Infinity":2,"b:27:11:27:Infinity:28:12:33:11":3,"b:40:18:40:Infinity:41:18:41:Infinity":4,"b:42:14:42:22:42:22:42:Infinity":5,"b:43:14:43:32:43:32:43:Infinity":6,"b:46:34:46:43:46:43:46:Infinity":7,"b:47:38:47:59:47:59:47:Infinity":8,"b:47:66:47:86:47:86:47:Infinity":9,"b:52:9:52:Infinity:53:10:59:Infinity":10,"b:62:9:62:17:62:17:62:Infinity:63:10:65:Infinity":11,"s:72:0:72:Infinity":3},"fnNames":{}}}
,"/home/admin/.openclaw/workspace/free-templates-firebase/src/components/ui/LazyImage.tsx": {"path":"/home/admin/.openclaw/workspace/free-templates-firebase/src/components/ui/LazyImage.tsx","statementMap":{"0":{"start":{"line":23,"column":30},"end":{"line":23,"column":null}},"1":{"start":{"line":24,"column":30},"end":{"line":24,"column":null}},"2":{"start":{"line":25,"column":17},"end":{"line":25,"column":null}},"3":{"start":{"line":27,"column":2},"end":{"line":43,"column":null}},"4":{"start":{"line":28,"column":15},"end":{"line":28,"column":null}},"5":{"start":{"line":29,"column":4},"end":{"line":29,"column":null}},"6":{"start":{"line":29,"column":13},"end":{"line":29,"column":null}},"7":{"start":{"line":31,"column":21},"end":{"line":39,"column":null}},"8":{"start":{"line":33,"column":8},"end":{"line":36,"column":null}},"9":{"start":{"line":34,"column":10},"end":{"line":34,"column":null}},"10":{"start":{"line":35,"column":10},"end":{"line":35,"column":null}},"11":{"start":{"line":41,"column":4},"end":{"line":41,"column":null}},"12":{"start":{"line":42,"column":4},"end":{"line":42,"column":null}},"13":{"start":{"line":42,"column":17},"end":{"line":42,"column":null}},"14":{"start":{"line":45,"column":24},"end":{"line":47,"column":null}},"15":{"start":{"line":49,"column":2},"end":{"line":83,"column":null}},"16":{"start":{"line":64,"column":24},"end":{"line":64,"column":null}}},"fnMap":{"0":{"name":"LazyImage","decl":{"start":{"line":15,"column":16},"end":{"line":15,"column":26}},"loc":{"start":{"line":22,"column":19},"end":{"line":85,"column":null}},"line":22},"1":{"name":"(anonymous_1)","decl":{"start":{"line":27,"column":2},"end":{"line":27,"column":18}},"loc":{"start":{"line":27,"column":18},"end":{"line":43,"column":5}},"line":27},"2":{"name":"(anonymous_2)","decl":{"start":{"line":31,"column":25},"end":{"line":31,"column":null}},"loc":{"start":{"line":32,"column":19},"end":{"line":37,"column":null}},"line":32},"3":{"name":"(anonymous_3)","decl":{"start":{"line":42,"column":4},"end":{"line":42,"column":17}},"loc":{"start":{"line":42,"column":17},"end":{"line":42,"column":null}},"line":42},"4":{"name":"(anonymous_4)","decl":{"start":{"line":64,"column":10},"end":{"line":64,"column":24}},"loc":{"start":{"line":64,"column":24},"end":{"line":64,"column":null}},"line":64}},"branchMap":{"0":{"loc":{"start":{"line":21,"column":2},"end":{"line":21,"column":null}},"type":"default-arg","locations":[{"start":{"line":21,"column":16},"end":{"line":21,"column":null}}],"line":21},"1":{"loc":{"start":{"line":29,"column":4},"end":{"line":29,"column":null}},"type":"if","locations":[{"start":{"line":29,"column":4},"end":{"line":29,"column":null}},{"start":{},"end":{}}],"line":29},"2":{"loc":{"start":{"line":33,"column":8},"end":{"line":36,"column":null}},"type":"if","locations":[{"start":{"line":33,"column":8},"end":{"line":36,"column":null}},{"start":{},"end":{}}],"line":33},"3":{"loc":{"start":{"line":45,"column":24},"end":{"line":47,"column":null}},"type":"cond-expr","locations":[{"start":{"line":46,"column":6},"end":{"line":46,"column":null}},{"start":{"line":47,"column":6},"end":{"line":47,"column":null}}],"line":45},"4":{"loc":{"start":{"line":53,"column":13},"end":{"line":53,"column":null}},"type":"cond-expr","locations":[{"start":{"line":53,"column":29},"end":{"line":53,"column":49}},{"start":{"line":53,"column":49},"end":{"line":53,"column":null}}],"line":53},"5":{"loc":{"start":{"line":56,"column":7},"end":{"line":59,"column":null}},"type":"binary-expr","locations":[{"start":{"line":56,"column":7},"end":{"line":56,"column":18}},{"start":{"line":56,"column":18},"end":{"line":59,"column":null}}],"line":56},"6":{"loc":{"start":{"line":59,"column":7},"end":{"line":83,"column":null}},"type":"binary-expr","locations":[{"start":{"line":59,"column":7},"end":{"line":59,"column":null}},{"start":{"line":60,"column":8},"end":{"line":83,"column":null}}],"line":59},"7":{"loc":{"start":{"line":67,"column":12},"end":{"line":67,"column":null}},"type":"cond-expr","locations":[{"start":{"line":67,"column":21},"end":{"line":67,"column":37}},{"start":{"line":67,"column":37},"end":{"line":67,"column":null}}],"line":67},"8":{"loc":{"start":{"line":71,"column":12},"end":{"line":79,"column":null}},"type":"cond-expr","locations":[{"start":{"line":72,"column":16},"end":{"line":78,"column":null}},{"start":{"line":79,"column":16},"end":{"line":79,"column":null}}],"line":71}},"s":{"0":19,"1":19,"2":19,"3":19,"4":13,"5":13,"6":0,"7":13,"8":6,"9":5,"10":5,"11":13,"12":13,"13":13,"14":19,"15":19,"16":1},"f":{"0":19,"1":13,"2":6,"3":13,"4":1},"b":{"0":[19],"1":[0,13],"2":[5,1],"3":[3,16],"4":[3,16],"5":[19,18],"6":[19,6],"7":[1,5],"8":[0,6]},"meta":{"lastBranch":9,"lastFunction":5,"lastStatement":17,"seen":{"f:15:16:15:26":0,"b:21:16:21:Infinity":0,"s:23:30:23:Infinity":0,"s:24:30:24:Infinity":1,"s:25:17:25:Infinity":2,"s:27:2:43:Infinity":3,"f:27:2:27:18":1,"s:28:15:28:Infinity":4,"b:29:4:29:Infinity:undefined:undefined:undefined:undefined":1,"s:29:4:29:Infinity":5,"s:29:13:29:Infinity":6,"s:31:21:39:Infinity":7,"f:31:25:31:Infinity":2,"b:33:8:36:Infinity:undefined:undefined:undefined:undefined":2,"s:33:8:36:Infinity":8,"s:34:10:34:Infinity":9,"s:35:10:35:Infinity":10,"s:41:4:41:Infinity":11,"s:42:4:42:Infinity":12,"f:42:4:42:17":3,"s:42:17:42:Infinity":13,"s:45:24:47:Infinity":14,"b:46:6:46:Infinity:47:6:47:Infinity":3,"s:49:2:83:Infinity":15,"b:53:29:53:49:53:49:53:Infinity":4,"b:56:7:56:18:56:18:59:Infinity":5,"b:59:7:59:Infinity:60:8:83:Infinity":6,"f:64:10:64:24":4,"s:64:24:64:Infinity":16,"b:67:21:67:37:67:37:67:Infinity":7,"b:72:16:78:Infinity:79:16:79:Infinity":8},"fnNames":{}}}
,"/home/admin/.openclaw/workspace/free-templates-firebase/src/components/ui/Modal.tsx": {"path":"/home/admin/.openclaw/workspace/free-templates-firebase/src/components/ui/Modal.tsx","statementMap":{"0":{"start":{"line":17,"column":20},"end":{"line":21,"column":null}},"1":{"start":{"line":23,"column":17},"end":{"line":23,"column":null}},"2":{"start":{"line":29,"column":2},"end":{"line":70,"column":null}},"3":{"start":{"line":30,"column":4},"end":{"line":30,"column":null}},"4":{"start":{"line":30,"column":40},"end":{"line":30,"column":null}},"5":{"start":{"line":32,"column":22},"end":{"line":32,"column":null}},"6":{"start":{"line":33,"column":30},"end":{"line":33,"column":null}},"7":{"start":{"line":37,"column":6},"end":{"line":37,"column":null}},"8":{"start":{"line":38,"column":30},"end":{"line":38,"column":null}},"9":{"start":{"line":39,"column":27},"end":{"line":39,"column":null}},"10":{"start":{"line":40,"column":26},"end":{"line":40,"column":null}},"11":{"start":{"line":43,"column":4},"end":{"line":43,"column":null}},"12":{"start":{"line":45,"column":10},"end":{"line":61,"column":null}},"13":{"start":{"line":46,"column":6},"end":{"line":60,"column":null}},"14":{"start":{"line":47,"column":8},"end":{"line":59,"column":null}},"15":{"start":{"line":49,"column":10},"end":{"line":52,"column":null}},"16":{"start":{"line":50,"column":12},"end":{"line":50,"column":null}},"17":{"start":{"line":51,"column":12},"end":{"line":51,"column":null}},"18":{"start":{"line":55,"column":10},"end":{"line":58,"column":null}},"19":{"start":{"line":56,"column":12},"end":{"line":56,"column":null}},"20":{"start":{"line":57,"column":12},"end":{"line":57,"column":null}},"21":{"start":{"line":63,"column":4},"end":{"line":63,"column":null}},"22":{"start":{"line":65,"column":4},"end":{"line":69,"column":null}},"23":{"start":{"line":66,"column":6},"end":{"line":66,"column":null}},"24":{"start":{"line":68,"column":6},"end":{"line":68,"column":null}},"25":{"start":{"line":83,"column":19},"end":{"line":83,"column":null}},"26":{"start":{"line":86,"column":24},"end":{"line":91,"column":null}},"27":{"start":{"line":88,"column":6},"end":{"line":88,"column":null}},"28":{"start":{"line":88,"column":30},"end":{"line":88,"column":null}},"29":{"start":{"line":93,"column":2},"end":{"line":102,"column":null}},"30":{"start":{"line":94,"column":4},"end":{"line":97,"column":null}},"31":{"start":{"line":95,"column":6},"end":{"line":95,"column":null}},"32":{"start":{"line":96,"column":6},"end":{"line":96,"column":null}},"33":{"start":{"line":98,"column":4},"end":{"line":101,"column":null}},"34":{"start":{"line":99,"column":6},"end":{"line":99,"column":null}},"35":{"start":{"line":100,"column":6},"end":{"line":100,"column":null}},"36":{"start":{"line":104,"column":2},"end":{"line":104,"column":null}},"37":{"start":{"line":106,"column":2},"end":{"line":106,"column":null}},"38":{"start":{"line":106,"column":13},"end":{"line":106,"column":null}},"39":{"start":{"line":108,"column":2},"end":{"line":163,"column":null}},"40":{"start":{"line":191,"column":2},"end":{"line":209,"column":null}}},"fnMap":{"0":{"name":"useFocusTrap","decl":{"start":{"line":28,"column":9},"end":{"line":28,"column":22}},"loc":{"start":{"line":28,"column":91},"end":{"line":71,"column":null}},"line":28},"1":{"name":"(anonymous_1)","decl":{"start":{"line":29,"column":2},"end":{"line":29,"column":18}},"loc":{"start":{"line":29,"column":18},"end":{"line":70,"column":5}},"line":29},"2":{"name":"(anonymous_2)","decl":{"start":{"line":45,"column":10},"end":{"line":45,"column":27}},"loc":{"start":{"line":45,"column":48},"end":{"line":61,"column":null}},"line":45},"3":{"name":"(anonymous_3)","decl":{"start":{"line":65,"column":4},"end":{"line":65,"column":17}},"loc":{"start":{"line":65,"column":17},"end":{"line":69,"column":null}},"line":65},"4":{"name":"Modal","decl":{"start":{"line":73,"column":16},"end":{"line":73,"column":22}},"loc":{"start":{"line":82,"column":15},"end":{"line":165,"column":null}},"line":82},"5":{"name":"(anonymous_5)","decl":{"start":{"line":86,"column":24},"end":{"line":86,"column":null}},"loc":{"start":{"line":87,"column":26},"end":{"line":89,"column":null}},"line":87},"6":{"name":"(anonymous_6)","decl":{"start":{"line":93,"column":2},"end":{"line":93,"column":18}},"loc":{"start":{"line":93,"column":18},"end":{"line":102,"column":5}},"line":93},"7":{"name":"(anonymous_7)","decl":{"start":{"line":98,"column":4},"end":{"line":98,"column":17}},"loc":{"start":{"line":98,"column":17},"end":{"line":101,"column":null}},"line":98},"8":{"name":"ConfirmModal","decl":{"start":{"line":181,"column":16},"end":{"line":181,"column":29}},"loc":{"start":{"line":190,"column":22},"end":{"line":211,"column":null}},"line":190}},"branchMap":{"0":{"loc":{"start":{"line":30,"column":4},"end":{"line":30,"column":null}},"type":"if","locations":[{"start":{"line":30,"column":4},"end":{"line":30,"column":null}},{"start":{},"end":{}}],"line":30},"1":{"loc":{"start":{"line":30,"column":8},"end":{"line":30,"column":40}},"type":"binary-expr","locations":[{"start":{"line":30,"column":8},"end":{"line":30,"column":17}},{"start":{"line":30,"column":17},"end":{"line":30,"column":40}}],"line":30},"2":{"loc":{"start":{"line":46,"column":6},"end":{"line":60,"column":null}},"type":"if","locations":[{"start":{"line":46,"column":6},"end":{"line":60,"column":null}},{"start":{},"end":{}}],"line":46},"3":{"loc":{"start":{"line":47,"column":8},"end":{"line":59,"column":null}},"type":"if","locations":[{"start":{"line":47,"column":8},"end":{"line":59,"column":null}},{"start":{"line":53,"column":15},"end":{"line":59,"column":null}}],"line":47},"4":{"loc":{"start":{"line":49,"column":10},"end":{"line":52,"column":null}},"type":"if","locations":[{"start":{"line":49,"column":10},"end":{"line":52,"column":null}},{"start":{},"end":{}}],"line":49},"5":{"loc":{"start":{"line":55,"column":10},"end":{"line":58,"column":null}},"type":"if","locations":[{"start":{"line":55,"column":10},"end":{"line":58,"column":null}},{"start":{},"end":{}}],"line":55},"6":{"loc":{"start":{"line":80,"column":2},"end":{"line":80,"column":null}},"type":"default-arg","locations":[{"start":{"line":80,"column":9},"end":{"line":80,"column":null}}],"line":80},"7":{"loc":{"start":{"line":81,"column":2},"end":{"line":81,"column":null}},"type":"default-arg","locations":[{"start":{"line":81,"column":14},"end":{"line":81,"column":null}}],"line":81},"8":{"loc":{"start":{"line":88,"column":6},"end":{"line":88,"column":null}},"type":"if","locations":[{"start":{"line":88,"column":6},"end":{"line":88,"column":null}},{"start":{},"end":{}}],"line":88},"9":{"loc":{"start":{"line":94,"column":4},"end":{"line":97,"column":null}},"type":"if","locations":[{"start":{"line":94,"column":4},"end":{"line":97,"column":null}},{"start":{},"end":{}}],"line":94},"10":{"loc":{"start":{"line":106,"column":2},"end":{"line":106,"column":null}},"type":"if","locations":[{"start":{"line":106,"column":2},"end":{"line":106,"column":null}},{"start":{},"end":{}}],"line":106},"11":{"loc":{"start":{"line":122,"column":25},"end":{"line":122,"column":null}},"type":"cond-expr","locations":[{"start":{"line":122,"column":33},"end":{"line":122,"column":44}},{"start":{"line":122,"column":44},"end":{"line":122,"column":null}}],"line":122},"12":{"loc":{"start":{"line":129,"column":10},"end":{"line":150,"column":null}},"type":"binary-expr","locations":[{"start":{"line":129,"column":10},"end":{"line":129,"column":19}},{"start":{"line":129,"column":19},"end":{"line":129,"column":null}},{"start":{"line":130,"column":10},"end":{"line":150,"column":null}}],"line":129},"13":{"loc":{"start":{"line":132,"column":15},"end":{"line":137,"column":null}},"type":"binary-expr","locations":[{"start":{"line":132,"column":15},"end":{"line":132,"column":null}},{"start":{"line":133,"column":16},"end":{"line":137,"column":null}}],"line":132},"14":{"loc":{"start":{"line":137,"column":15},"end":{"line":140,"column":null}},"type":"binary-expr","locations":[{"start":{"line":137,"column":15},"end":{"line":137,"column":null}},{"start":{"line":138,"column":16},"end":{"line":140,"column":null}}],"line":137},"15":{"loc":{"start":{"line":141,"column":13},"end":{"line":150,"column":null}},"type":"binary-expr","locations":[{"start":{"line":141,"column":13},"end":{"line":141,"column":null}},{"start":{"line":142,"column":14},"end":{"line":150,"column":null}}],"line":141},"16":{"loc":{"start":{"line":154,"column":9},"end":{"line":154,"column":null}},"type":"binary-expr","locations":[{"start":{"line":154,"column":9},"end":{"line":154,"column":21}},{"start":{"line":154,"column":21},"end":{"line":154,"column":null}}],"line":154},"17":{"loc":{"start":{"line":157,"column":9},"end":{"line":160,"column":null}},"type":"binary-expr","locations":[{"start":{"line":157,"column":9},"end":{"line":157,"column":null}},{"start":{"line":158,"column":10},"end":{"line":160,"column":null}}],"line":157},"18":{"loc":{"start":{"line":187,"column":2},"end":{"line":187,"column":null}},"type":"default-arg","locations":[{"start":{"line":187,"column":17},"end":{"line":187,"column":null}}],"line":187},"19":{"loc":{"start":{"line":188,"column":2},"end":{"line":188,"column":null}},"type":"default-arg","locations":[{"start":{"line":188,"column":19},"end":{"line":188,"column":null}}],"line":188},"20":{"loc":{"start":{"line":189,"column":2},"end":{"line":189,"column":null}},"type":"default-arg","locations":[{"start":{"line":189,"column":14},"end":{"line":189,"column":null}}],"line":189}},"s":{"0":1,"1":1,"2":22,"3":22,"4":1,"5":21,"6":21,"7":21,"8":21,"9":21,"10":21,"11":21,"12":22,"13":3,"14":2,"15":1,"16":1,"17":1,"18":1,"19":1,"20":1,"21":22,"22":22,"23":21,"24":21,"25":22,"26":22,"27":3,"28":1,"29":22,"30":22,"31":21,"32":21,"33":22,"34":22,"35":22,"36":22,"37":22,"38":1,"39":21,"40":6},"f":{"0":22,"1":22,"2":3,"3":21,"4":22,"5":3,"6":22,"7":22,"8":6},"b":{"0":[1,21],"1":[22,21],"2":[2,1],"3":[1,1],"4":[1,0],"5":[1,0],"6":[22],"7":[22],"8":[1,2],"9":[21,1],"10":[1,21],"11":[12,9],"12":[22,9,21],"13":[21,12],"14":[21,1],"15":[21,20],"16":[22,14],"17":[22,7],"18":[6],"19":[6],"20":[6]},"meta":{"lastBranch":21,"lastFunction":9,"lastStatement":41,"seen":{"s:17:20:21:Infinity":0,"s:23:17:23:Infinity":1,"f:28:9:28:22":0,"s:29:2:70:Infinity":2,"f:29:2:29:18":1,"b:30:4:30:Infinity:undefined:undefined:undefined:undefined":0,"s:30:4:30:Infinity":3,"b:30:8:30:17:30:17:30:40":1,"s:30:40:30:Infinity":4,"s:32:22:32:Infinity":5,"s:33:30:33:Infinity":6,"s:37:6:37:Infinity":7,"s:38:30:38:Infinity":8,"s:39:27:39:Infinity":9,"s:40:26:40:Infinity":10,"s:43:4:43:Infinity":11,"s:45:10:61:Infinity":12,"f:45:10:45:27":2,"b:46:6:60:Infinity:undefined:undefined:undefined:undefined":2,"s:46:6:60:Infinity":13,"b:47:8:59:Infinity:53:15:59:Infinity":3,"s:47:8:59:Infinity":14,"b:49:10:52:Infinity:undefined:undefined:undefined:undefined":4,"s:49:10:52:Infinity":15,"s:50:12:50:Infinity":16,"s:51:12:51:Infinity":17,"b:55:10:58:Infinity:undefined:undefined:undefined:undefined":5,"s:55:10:58:Infinity":18,"s:56:12:56:Infinity":19,"s:57:12:57:Infinity":20,"s:63:4:63:Infinity":21,"s:65:4:69:Infinity":22,"f:65:4:65:17":3,"s:66:6:66:Infinity":23,"s:68:6:68:Infinity":24,"f:73:16:73:22":4,"b:80:9:80:Infinity":6,"b:81:14:81:Infinity":7,"s:83:19:83:Infinity":25,"s:86:24:91:Infinity":26,"f:86:24:86:Infinity":5,"b:88:6:88:Infinity:undefined:undefined:undefined:undefined":8,"s:88:6:88:Infinity":27,"s:88:30:88:Infinity":28,"s:93:2:102:Infinity":29,"f:93:2:93:18":6,"b:94:4:97:Infinity:undefined:undefined:undefined:undefined":9,"s:94:4:97:Infinity":30,"s:95:6:95:Infinity":31,"s:96:6:96:Infinity":32,"s:98:4:101:Infinity":33,"f:98:4:98:17":7,"s:99:6:99:Infinity":34,"s:100:6:100:Infinity":35,"s:104:2:104:Infinity":36,"b:106:2:106:Infinity:undefined:undefined:undefined:undefined":10,"s:106:2:106:Infinity":37,"s:106:13:106:Infinity":38,"s:108:2:163:Infinity":39,"b:122:33:122:44:122:44:122:Infinity":11,"b:129:10:129:19:129:19:129:Infinity:130:10:150:Infinity":12,"b:132:15:132:Infinity:133:16:137:Infinity":13,"b:137:15:137:Infinity:138:16:140:Infinity":14,"b:141:13:141:Infinity:142:14:150:Infinity":15,"b:154:9:154:21:154:21:154:Infinity":16,"b:157:9:157:Infinity:158:10:160:Infinity":17,"f:181:16:181:29":8,"b:187:17:187:Infinity":18,"b:188:19:188:Infinity":19,"b:189:14:189:Infinity":20,"s:191:2:209:Infinity":40},"fnNames":{}}}
,"/home/admin/.openclaw/workspace/free-templates-firebase/src/components/ui/NetworkStatusBanner.tsx": {"path":"/home/admin/.openclaw/workspace/free-templates-firebase/src/components/ui/NetworkStatusBanner.tsx","statementMap":{"0":{"start":{"line":9,"column":17},"end":{"line":9,"column":34}},"1":{"start":{"line":11,"column":2},"end":{"line":11,"column":null}},"2":{"start":{"line":11,"column":14},"end":{"line":11,"column":null}},"3":{"start":{"line":13,"column":2},"end":{"line":22,"column":null}}},"fnMap":{"0":{"name":"NetworkStatusBanner","decl":{"start":{"line":8,"column":16},"end":{"line":8,"column":38}},"loc":{"start":{"line":8,"column":38},"end":{"line":24,"column":null}},"line":8}},"branchMap":{"0":{"loc":{"start":{"line":11,"column":2},"end":{"line":11,"column":null}},"type":"if","locations":[{"start":{"line":11,"column":2},"end":{"line":11,"column":null}},{"start":{},"end":{}}],"line":11}},"s":{"0":3,"1":3,"2":1,"3":2},"f":{"0":3},"b":{"0":[1,2]},"meta":{"lastBranch":1,"lastFunction":1,"lastStatement":4,"seen":{"f:8:16:8:38":0,"s:9:17:9:34":0,"b:11:2:11:Infinity:undefined:undefined:undefined:undefined":0,"s:11:2:11:Infinity":1,"s:11:14:11:Infinity":2,"s:13:2:22:Infinity":3},"fnNames":{}}}
,"/home/admin/.openclaw/workspace/free-templates-firebase/src/components/ui/Skeleton.tsx": {"path":"/home/admin/.openclaw/workspace/free-templates-firebase/src/components/ui/Skeleton.tsx","statementMap":{"0":{"start":{"line":9,"column":2},"end":{"line":20,"column":null}},"1":{"start":{"line":25,"column":2},"end":{"line":37,"column":null}},"2":{"start":{"line":42,"column":2},"end":{"line":51,"column":null}},"3":{"start":{"line":45,"column":8},"end":{"line":49,"column":null}}},"fnMap":{"0":{"name":"Skeleton","decl":{"start":{"line":8,"column":16},"end":{"line":8,"column":25}},"loc":{"start":{"line":8,"column":73},"end":{"line":22,"column":null}},"line":8},"1":{"name":"SkeletonCard","decl":{"start":{"line":24,"column":16},"end":{"line":24,"column":31}},"loc":{"start":{"line":24,"column":31},"end":{"line":39,"column":null}},"line":24},"2":{"name":"SkeletonTable","decl":{"start":{"line":41,"column":16},"end":{"line":41,"column":30}},"loc":{"start":{"line":41,"column":63},"end":{"line":53,"column":null}},"line":41},"3":{"name":"(anonymous_3)","decl":{"start":{"line":44,"column":36},"end":{"line":44,"column":41}},"loc":{"start":{"line":45,"column":8},"end":{"line":49,"column":null}},"line":45}},"branchMap":{"0":{"loc":{"start":{"line":8,"column":38},"end":{"line":8,"column":73}},"type":"default-arg","locations":[{"start":{"line":8,"column":48},"end":{"line":8,"column":73}}],"line":8},"1":{"loc":{"start":{"line":14,"column":8},"end":{"line":14,"column":null}},"type":"binary-expr","locations":[{"start":{"line":14,"column":8},"end":{"line":14,"column":34}},{"start":{"line":14,"column":34},"end":{"line":14,"column":null}}],"line":14},"2":{"loc":{"start":{"line":15,"column":8},"end":{"line":15,"column":null}},"type":"binary-expr","locations":[{"start":{"line":15,"column":8},"end":{"line":15,"column":30}},{"start":{"line":15,"column":30},"end":{"line":15,"column":null}}],"line":15},"3":{"loc":{"start":{"line":16,"column":8},"end":{"line":16,"column":null}},"type":"binary-expr","locations":[{"start":{"line":16,"column":8},"end":{"line":16,"column":37}},{"start":{"line":16,"column":37},"end":{"line":16,"column":null}}],"line":16},"4":{"loc":{"start":{"line":17,"column":8},"end":{"line":17,"column":null}},"type":"binary-expr","locations":[{"start":{"line":17,"column":8},"end":{"line":17,"column":30}},{"start":{"line":17,"column":30},"end":{"line":17,"column":null}}],"line":17},"5":{"loc":{"start":{"line":41,"column":32},"end":{"line":41,"column":63}},"type":"default-arg","locations":[{"start":{"line":41,"column":39},"end":{"line":41,"column":63}}],"line":41}},"s":{"0":35,"1":1,"2":3,"3":8},"f":{"0":35,"1":1,"2":3,"3":8},"b":{"0":[35],"1":[35,3],"2":[35,29],"3":[35,2],"4":[35,1],"5":[3]},"meta":{"lastBranch":6,"lastFunction":4,"lastStatement":4,"seen":{"f:8:16:8:25":0,"b:8:48:8:73":0,"s:9:2:20:Infinity":0,"b:14:8:14:34:14:34:14:Infinity":1,"b:15:8:15:30:15:30:15:Infinity":2,"b:16:8:16:37:16:37:16:Infinity":3,"b:17:8:17:30:17:30:17:Infinity":4,"f:24:16:24:31":1,"s:25:2:37:Infinity":1,"f:41:16:41:30":2,"b:41:39:41:63":5,"s:42:2:51:Infinity":2,"f:44:36:44:41":3,"s:45:8:49:Infinity":3},"fnNames":{}}}
,"/home/admin/.openclaw/workspace/free-templates-firebase/src/hooks/useDocumentTitle.ts": {"path":"/home/admin/.openclaw/workspace/free-templates-firebase/src/hooks/useDocumentTitle.ts","statementMap":{"0":{"start":{"line":7,"column":18},"end":{"line":7,"column":null}},"1":{"start":{"line":9,"column":2},"end":{"line":14,"column":null}},"2":{"start":{"line":10,"column":4},"end":{"line":10,"column":null}},"3":{"start":{"line":11,"column":4},"end":{"line":13,"column":null}},"4":{"start":{"line":12,"column":6},"end":{"line":12,"column":null}}},"fnMap":{"0":{"name":"useDocumentTitle","decl":{"start":{"line":6,"column":16},"end":{"line":6,"column":33}},"loc":{"start":{"line":6,"column":48},"end":{"line":15,"column":null}},"line":6},"1":{"name":"(anonymous_1)","decl":{"start":{"line":9,"column":2},"end":{"line":9,"column":18}},"loc":{"start":{"line":9,"column":18},"end":{"line":14,"column":5}},"line":9},"2":{"name":"(anonymous_2)","decl":{"start":{"line":11,"column":4},"end":{"line":11,"column":17}},"loc":{"start":{"line":11,"column":17},"end":{"line":13,"column":null}},"line":11}},"branchMap":{},"s":{"0":8,"1":8,"2":8,"3":8,"4":8},"f":{"0":8,"1":8,"2":8},"b":{},"meta":{"lastBranch":0,"lastFunction":3,"lastStatement":5,"seen":{"f:6:16:6:33":0,"s:7:18:7:Infinity":0,"s:9:2:14:Infinity":1,"f:9:2:9:18":1,"s:10:4:10:Infinity":2,"s:11:4:13:Infinity":3,"f:11:4:11:17":2,"s:12:6:12:Infinity":4},"fnNames":{}}}
,"/home/admin/.openclaw/workspace/free-templates-firebase/src/hooks/useDownloads.ts": {"path":"/home/admin/.openclaw/workspace/free-templates-firebase/src/hooks/useDownloads.ts","statementMap":{"0":{"start":{"line":12,"column":2},"end":{"line":16,"column":null}},"1":{"start":{"line":14,"column":19},"end":{"line":14,"column":null}}},"fnMap":{"0":{"name":"useDownloads","decl":{"start":{"line":11,"column":16},"end":{"line":11,"column":29}},"loc":{"start":{"line":11,"column":57},"end":{"line":17,"column":null}},"line":11},"1":{"name":"(anonymous_1)","decl":{"start":{"line":14,"column":4},"end":{"line":14,"column":19}},"loc":{"start":{"line":14,"column":19},"end":{"line":14,"column":null}},"line":14}},"branchMap":{},"s":{"0":13,"1":6},"f":{"0":13,"1":6},"b":{},"meta":{"lastBranch":0,"lastFunction":2,"lastStatement":2,"seen":{"f:11:16:11:29":0,"s:12:2:16:Infinity":0,"f:14:4:14:19":1,"s:14:19:14:Infinity":1},"fnNames":{}}}
,"/home/admin/.openclaw/workspace/free-templates-firebase/src/hooks/useNetworkStatus.ts": {"path":"/home/admin/.openclaw/workspace/free-templates-firebase/src/hooks/useNetworkStatus.ts","statementMap":{"0":{"start":{"line":8,"column":30},"end":{"line":8,"column":null}},"1":{"start":{"line":10,"column":2},"end":{"line":21,"column":null}},"2":{"start":{"line":11,"column":10},"end":{"line":11,"column":null}},"3":{"start":{"line":11,"column":31},"end":{"line":11,"column":null}},"4":{"start":{"line":12,"column":10},"end":{"line":12,"column":null}},"5":{"start":{"line":12,"column":32},"end":{"line":12,"column":null}},"6":{"start":{"line":14,"column":4},"end":{"line":14,"column":null}},"7":{"start":{"line":15,"column":4},"end":{"line":15,"column":null}},"8":{"start":{"line":17,"column":4},"end":{"line":20,"column":null}},"9":{"start":{"line":18,"column":6},"end":{"line":18,"column":null}},"10":{"start":{"line":19,"column":6},"end":{"line":19,"column":null}},"11":{"start":{"line":23,"column":2},"end":{"line":23,"column":null}}},"fnMap":{"0":{"name":"useNetworkStatus","decl":{"start":{"line":7,"column":16},"end":{"line":7,"column":44}},"loc":{"start":{"line":7,"column":44},"end":{"line":24,"column":null}},"line":7},"1":{"name":"(anonymous_1)","decl":{"start":{"line":10,"column":2},"end":{"line":10,"column":18}},"loc":{"start":{"line":10,"column":18},"end":{"line":21,"column":5}},"line":10},"2":{"name":"(anonymous_2)","decl":{"start":{"line":11,"column":10},"end":{"line":11,"column":31}},"loc":{"start":{"line":11,"column":31},"end":{"line":11,"column":null}},"line":11},"3":{"name":"(anonymous_3)","decl":{"start":{"line":12,"column":10},"end":{"line":12,"column":32}},"loc":{"start":{"line":12,"column":32},"end":{"line":12,"column":null}},"line":12},"4":{"name":"(anonymous_4)","decl":{"start":{"line":17,"column":4},"end":{"line":17,"column":17}},"loc":{"start":{"line":17,"column":17},"end":{"line":20,"column":null}},"line":17}},"branchMap":{"0":{"loc":{"start":{"line":8,"column":39},"end":{"line":8,"column":97}},"type":"cond-expr","locations":[{"start":{"line":8,"column":74},"end":{"line":8,"column":93}},{"start":{"line":8,"column":93},"end":{"line":8,"column":97}}],"line":8}},"s":{"0":8,"1":8,"2":6,"3":1,"4":6,"5":1,"6":6,"7":6,"8":6,"9":6,"10":6,"11":8},"f":{"0":8,"1":6,"2":1,"3":1,"4":6},"b":{"0":[8,0]},"meta":{"lastBranch":1,"lastFunction":5,"lastStatement":12,"seen":{"f:7:16:7:44":0,"s:8:30:8:Infinity":0,"b:8:74:8:93:8:93:8:97":0,"s:10:2:21:Infinity":1,"f:10:2:10:18":1,"s:11:10:11:Infinity":2,"f:11:10:11:31":2,"s:11:31:11:Infinity":3,"s:12:10:12:Infinity":4,"f:12:10:12:32":3,"s:12:32:12:Infinity":5,"s:14:4:14:Infinity":6,"s:15:4:15:Infinity":7,"s:17:4:20:Infinity":8,"f:17:4:17:17":4,"s:18:6:18:Infinity":9,"s:19:6:19:Infinity":10,"s:23:2:23:Infinity":11},"fnNames":{}}}
,"/home/admin/.openclaw/workspace/free-templates-firebase/src/hooks/useScrollToTop.ts": {"path":"/home/admin/.openclaw/workspace/free-templates-firebase/src/hooks/useScrollToTop.ts","statementMap":{"0":{"start":{"line":8,"column":23},"end":{"line":8,"column":35}},"1":{"start":{"line":10,"column":2},"end":{"line":12,"column":null}},"2":{"start":{"line":11,"column":4},"end":{"line":11,"column":null}}},"fnMap":{"0":{"name":"useScrollToTop","decl":{"start":{"line":7,"column":16},"end":{"line":7,"column":33}},"loc":{"start":{"line":7,"column":33},"end":{"line":13,"column":null}},"line":7},"1":{"name":"(anonymous_1)","decl":{"start":{"line":10,"column":2},"end":{"line":10,"column":18}},"loc":{"start":{"line":10,"column":18},"end":{"line":12,"column":5}},"line":10}},"branchMap":{},"s":{"0":4,"1":4,"2":4},"f":{"0":4,"1":4},"b":{},"meta":{"lastBranch":0,"lastFunction":2,"lastStatement":3,"seen":{"f:7:16:7:33":0,"s:8:23:8:35":0,"s:10:2:12:Infinity":1,"f:10:2:10:18":1,"s:11:4:11:Infinity":2},"fnNames":{}}}
,"/home/admin/.openclaw/workspace/free-templates-firebase/src/hooks/useTemplate.ts": {"path":"/home/admin/.openclaw/workspace/free-templates-firebase/src/hooks/useTemplate.ts","statementMap":{"0":{"start":{"line":9,"column":2},"end":{"line":13,"column":null}},"1":{"start":{"line":11,"column":19},"end":{"line":11,"column":null}},"2":{"start":{"line":20,"column":2},"end":{"line":24,"column":null}},"3":{"start":{"line":22,"column":19},"end":{"line":22,"column":null}}},"fnMap":{"0":{"name":"useTemplate","decl":{"start":{"line":8,"column":16},"end":{"line":8,"column":28}},"loc":{"start":{"line":8,"column":42},"end":{"line":14,"column":null}},"line":8},"1":{"name":"(anonymous_1)","decl":{"start":{"line":11,"column":4},"end":{"line":11,"column":19}},"loc":{"start":{"line":11,"column":19},"end":{"line":11,"column":null}},"line":11},"2":{"name":"useRelatedTemplates","decl":{"start":{"line":19,"column":16},"end":{"line":19,"column":36}},"loc":{"start":{"line":19,"column":75},"end":{"line":25,"column":null}},"line":19},"3":{"name":"(anonymous_3)","decl":{"start":{"line":22,"column":4},"end":{"line":22,"column":19}},"loc":{"start":{"line":22,"column":19},"end":{"line":22,"column":null}},"line":22}},"branchMap":{"0":{"loc":{"start":{"line":23,"column":13},"end":{"line":23,"column":null}},"type":"binary-expr","locations":[{"start":{"line":23,"column":13},"end":{"line":23,"column":30}},{"start":{"line":23,"column":30},"end":{"line":23,"column":null}}],"line":23}},"s":{"0":12,"1":6,"2":7,"3":2},"f":{"0":12,"1":6,"2":7,"3":2},"b":{"0":[7,5]},"meta":{"lastBranch":1,"lastFunction":4,"lastStatement":4,"seen":{"f:8:16:8:28":0,"s:9:2:13:Infinity":0,"f:11:4:11:19":1,"s:11:19:11:Infinity":1,"f:19:16:19:36":2,"s:20:2:24:Infinity":2,"f:22:4:22:19":3,"s:22:19:22:Infinity":3,"b:23:13:23:30:23:30:23:Infinity":0},"fnNames":{}}}
,"/home/admin/.openclaw/workspace/free-templates-firebase/src/hooks/useTemplateDownloadCount.ts": {"path":"/home/admin/.openclaw/workspace/free-templates-firebase/src/hooks/useTemplateDownloadCount.ts","statementMap":{"0":{"start":{"line":12,"column":2},"end":{"line":30,"column":null}},"1":{"start":{"line":15,"column":39},"end":{"line":21,"column":null}},"2":{"start":{"line":22,"column":24},"end":{"line":22,"column":null}},"3":{"start":{"line":23,"column":23},"end":{"line":23,"column":null}},"4":{"start":{"line":23,"column":61},"end":{"line":23,"column":76}},"5":{"start":{"line":24,"column":6},"end":{"line":24,"column":null}},"6":{"start":{"line":24,"column":21},"end":{"line":24,"column":null}},"7":{"start":{"line":26,"column":6},"end":{"line":26,"column":null}}},"fnMap":{"0":{"name":"useTemplateDownloadCount","decl":{"start":{"line":11,"column":16},"end":{"line":11,"column":41}},"loc":{"start":{"line":11,"column":55},"end":{"line":31,"column":null}},"line":11},"1":{"name":"(anonymous_1)","decl":{"start":{"line":14,"column":13},"end":{"line":14,"column":42}},"loc":{"start":{"line":14,"column":42},"end":{"line":27,"column":null}},"line":14},"2":{"name":"(anonymous_2)","decl":{"start":{"line":23,"column":39},"end":{"line":23,"column":45}},"loc":{"start":{"line":23,"column":61},"end":{"line":23,"column":76}},"line":23}},"branchMap":{"0":{"loc":{"start":{"line":24,"column":6},"end":{"line":24,"column":null}},"type":"if","locations":[{"start":{"line":24,"column":6},"end":{"line":24,"column":null}},{"start":{},"end":{}}],"line":24}},"s":{"0":10,"1":5,"2":5,"3":5,"4":4,"5":5,"6":1,"7":4},"f":{"0":10,"1":5,"2":4},"b":{"0":[1,4]},"meta":{"lastBranch":1,"lastFunction":3,"lastStatement":8,"seen":{"f:11:16:11:41":0,"s:12:2:30:Infinity":0,"f:14:13:14:42":1,"s:15:39:21:Infinity":1,"s:22:24:22:Infinity":2,"s:23:23:23:Infinity":3,"f:23:39:23:45":2,"s:23:61:23:76":4,"b:24:6:24:Infinity:undefined:undefined:undefined:undefined":0,"s:24:6:24:Infinity":5,"s:24:21:24:Infinity":6,"s:26:6:26:Infinity":7},"fnNames":{}}}
,"/home/admin/.openclaw/workspace/free-templates-firebase/src/hooks/useTemplates.ts": {"path":"/home/admin/.openclaw/workspace/free-templates-firebase/src/hooks/useTemplates.ts","statementMap":{"0":{"start":{"line":18,"column":2},"end":{"line":22,"column":null}},"1":{"start":{"line":20,"column":19},"end":{"line":20,"column":null}},"2":{"start":{"line":21,"column":31},"end":{"line":21,"column":null}},"3":{"start":{"line":29,"column":2},"end":{"line":35,"column":null}}},"fnMap":{"0":{"name":"useTemplates","decl":{"start":{"line":17,"column":16},"end":{"line":17,"column":29}},"loc":{"start":{"line":17,"column":87},"end":{"line":23,"column":null}},"line":17},"1":{"name":"(anonymous_1)","decl":{"start":{"line":20,"column":4},"end":{"line":20,"column":19}},"loc":{"start":{"line":20,"column":19},"end":{"line":20,"column":null}},"line":20},"2":{"name":"(anonymous_2)","decl":{"start":{"line":21,"column":4},"end":{"line":21,"column":22}},"loc":{"start":{"line":21,"column":31},"end":{"line":21,"column":null}},"line":21},"3":{"name":"filtersFromParams","decl":{"start":{"line":28,"column":16},"end":{"line":28,"column":34}},"loc":{"start":{"line":28,"column":76},"end":{"line":36,"column":null}},"line":28}},"branchMap":{"0":{"loc":{"start":{"line":17,"column":40},"end":{"line":17,"column":50}},"type":"default-arg","locations":[{"start":{"line":17,"column":47},"end":{"line":17,"column":50}}],"line":17},"1":{"loc":{"start":{"line":17,"column":50},"end":{"line":17,"column":87}},"type":"default-arg","locations":[{"start":{"line":17,"column":61},"end":{"line":17,"column":87}}],"line":17},"2":{"loc":{"start":{"line":30,"column":12},"end":{"line":30,"column":null}},"type":"binary-expr","locations":[{"start":{"line":30,"column":12},"end":{"line":30,"column":36}},{"start":{"line":30,"column":36},"end":{"line":30,"column":null}}],"line":30},"3":{"loc":{"start":{"line":31,"column":14},"end":{"line":31,"column":null}},"type":"binary-expr","locations":[{"start":{"line":31,"column":14},"end":{"line":31,"column":40}},{"start":{"line":31,"column":40},"end":{"line":31,"column":null}}],"line":31},"4":{"loc":{"start":{"line":32,"column":15},"end":{"line":32,"column":null}},"type":"binary-expr","locations":[{"start":{"line":32,"column":15},"end":{"line":32,"column":42}},{"start":{"line":32,"column":42},"end":{"line":32,"column":null}}],"line":32},"5":{"loc":{"start":{"line":33,"column":16},"end":{"line":33,"column":null}},"type":"binary-expr","locations":[{"start":{"line":33,"column":16},"end":{"line":33,"column":76}},{"start":{"line":33,"column":76},"end":{"line":33,"column":null}}],"line":33},"6":{"loc":{"start":{"line":34,"column":11},"end":{"line":34,"column":null}},"type":"binary-expr","locations":[{"start":{"line":34,"column":11},"end":{"line":34,"column":61}},{"start":{"line":34,"column":61},"end":{"line":34,"column":null}}],"line":34}},"s":{"0":16,"1":9,"2":39,"3":11},"f":{"0":16,"1":9,"2":39,"3":11},"b":{"0":[16],"1":[16],"2":[11,7],"3":[11,9],"4":[11,9],"5":[11,8],"6":[11,9]},"meta":{"lastBranch":7,"lastFunction":4,"lastStatement":4,"seen":{"f:17:16:17:29":0,"b:17:47:17:50":0,"b:17:61:17:87":1,"s:18:2:22:Infinity":0,"f:20:4:20:19":1,"s:20:19:20:Infinity":1,"f:21:4:21:22":2,"s:21:31:21:Infinity":2,"f:28:16:28:34":3,"s:29:2:35:Infinity":3,"b:30:12:30:36:30:36:30:Infinity":2,"b:31:14:31:40:31:40:31:Infinity":3,"b:32:15:32:42:32:42:32:Infinity":4,"b:33:16:33:76:33:76:33:Infinity":5,"b:34:11:34:61:34:61:34:Infinity":6},"fnNames":{}}}
,"/home/admin/.openclaw/workspace/free-templates-firebase/src/lib/api.ts": {"path":"/home/admin/.openclaw/workspace/free-templates-firebase/src/lib/api.ts","statementMap":{"0":{"start":{"line":16,"column":33},"end":{"line":666,"column":null}},"1":{"start":{"line":685,"column":2},"end":{"line":695,"column":null}},"2":{"start":{"line":693,"column":22},"end":{"line":693,"column":null}},"3":{"start":{"line":702,"column":2},"end":{"line":702,"column":null}},"4":{"start":{"line":702,"column":34},"end":{"line":702,"column":57}},"5":{"start":{"line":713,"column":2},"end":{"line":713,"column":null}},"6":{"start":{"line":715,"column":17},"end":{"line":715,"column":null}},"7":{"start":{"line":718,"column":2},"end":{"line":726,"column":null}},"8":{"start":{"line":719,"column":14},"end":{"line":719,"column":null}},"9":{"start":{"line":720,"column":4},"end":{"line":725,"column":null}},"10":{"start":{"line":722,"column":8},"end":{"line":724,"column":null}},"11":{"start":{"line":724,"column":29},"end":{"line":724,"column":58}},"12":{"start":{"line":729,"column":2},"end":{"line":731,"column":null}},"13":{"start":{"line":730,"column":4},"end":{"line":730,"column":null}},"14":{"start":{"line":730,"column":38},"end":{"line":730,"column":69}},"15":{"start":{"line":734,"column":2},"end":{"line":736,"column":null}},"16":{"start":{"line":735,"column":4},"end":{"line":735,"column":null}},"17":{"start":{"line":735,"column":38},"end":{"line":735,"column":71}},"18":{"start":{"line":739,"column":2},"end":{"line":741,"column":null}},"19":{"start":{"line":740,"column":4},"end":{"line":740,"column":null}},"20":{"start":{"line":740,"column":38},"end":{"line":740,"column":71}},"21":{"start":{"line":744,"column":2},"end":{"line":755,"column":null}},"22":{"start":{"line":746,"column":6},"end":{"line":746,"column":null}},"23":{"start":{"line":746,"column":30},"end":{"line":746,"column":55}},"24":{"start":{"line":747,"column":6},"end":{"line":747,"column":null}},"25":{"start":{"line":749,"column":6},"end":{"line":749,"column":null}},"26":{"start":{"line":749,"column":30},"end":{"line":749,"column":58}},"27":{"start":{"line":750,"column":6},"end":{"line":750,"column":null}},"28":{"start":{"line":753,"column":6},"end":{"line":753,"column":null}},"29":{"start":{"line":753,"column":30},"end":{"line":753,"column":71}},"30":{"start":{"line":754,"column":6},"end":{"line":754,"column":null}},"31":{"start":{"line":757,"column":16},"end":{"line":757,"column":null}},"32":{"start":{"line":758,"column":21},"end":{"line":758,"column":null}},"33":{"start":{"line":759,"column":8},"end":{"line":759,"column":null}},"34":{"start":{"line":760,"column":16},"end":{"line":760,"column":null}},"35":{"start":{"line":762,"column":2},"end":{"line":762,"column":null}},"36":{"start":{"line":769,"column":2},"end":{"line":769,"column":null}},"37":{"start":{"line":770,"column":16},"end":{"line":770,"column":null}},"38":{"start":{"line":770,"column":41},"end":{"line":770,"column":56}},"39":{"start":{"line":771,"column":2},"end":{"line":771,"column":null}},"40":{"start":{"line":782,"column":2},"end":{"line":782,"column":null}},"41":{"start":{"line":783,"column":2},"end":{"line":786,"column":null}},"42":{"start":{"line":784,"column":19},"end":{"line":784,"column":68}},"43":{"start":{"line":795,"column":34},"end":{"line":841,"column":null}},"44":{"start":{"line":847,"column":2},"end":{"line":847,"column":null}},"45":{"start":{"line":848,"column":2},"end":{"line":848,"column":null}},"46":{"start":{"line":848,"column":37},"end":{"line":848,"column":56}},"47":{"start":{"line":859,"column":20},"end":{"line":859,"column":null}},"48":{"start":{"line":860,"column":17},"end":{"line":860,"column":null}},"49":{"start":{"line":861,"column":23},"end":{"line":861,"column":null}},"50":{"start":{"line":862,"column":2},"end":{"line":864,"column":null}},"51":{"start":{"line":863,"column":4},"end":{"line":863,"column":null}},"52":{"start":{"line":865,"column":2},"end":{"line":865,"column":null}},"53":{"start":{"line":874,"column":14},"end":{"line":874,"column":null}},"54":{"start":{"line":875,"column":14},"end":{"line":879,"column":null}},"55":{"start":{"line":880,"column":36},"end":{"line":880,"column":null}},"56":{"start":{"line":881,"column":2},"end":{"line":883,"column":null}},"57":{"start":{"line":882,"column":4},"end":{"line":882,"column":null}},"58":{"start":{"line":884,"column":2},"end":{"line":884,"column":null}},"59":{"start":{"line":904,"column":2},"end":{"line":909,"column":null}},"60":{"start":{"line":914,"column":2},"end":{"line":914,"column":null}},"61":{"start":{"line":924,"column":2},"end":{"line":924,"column":null}},"62":{"start":{"line":933,"column":2},"end":{"line":933,"column":null}},"63":{"start":{"line":946,"column":2},"end":{"line":946,"column":null}}},"fnMap":{"0":{"name":"injectImages","decl":{"start":{"line":684,"column":9},"end":{"line":684,"column":22}},"loc":{"start":{"line":684,"column":45},"end":{"line":696,"column":null}},"line":684},"1":{"name":"(anonymous_1)","decl":{"start":{"line":692,"column":24},"end":{"line":692,"column":null}},"loc":{"start":{"line":693,"column":22},"end":{"line":693,"column":null}},"line":693},"2":{"name":"delay","decl":{"start":{"line":701,"column":9},"end":{"line":701,"column":15}},"loc":{"start":{"line":701,"column":40},"end":{"line":703,"column":null}},"line":701},"3":{"name":"(anonymous_3)","decl":{"start":{"line":702,"column":13},"end":{"line":702,"column":22}},"loc":{"start":{"line":702,"column":34},"end":{"line":702,"column":57}},"line":702},"4":{"name":"fetchTemplates","decl":{"start":{"line":708,"column":22},"end":{"line":708,"column":null}},"loc":{"start":{"line":712,"column":31},"end":{"line":763,"column":null}},"line":712},"5":{"name":"(anonymous_5)","decl":{"start":{"line":720,"column":24},"end":{"line":720,"column":null}},"loc":{"start":{"line":722,"column":8},"end":{"line":724,"column":null}},"line":722},"6":{"name":"(anonymous_6)","decl":{"start":{"line":724,"column":15},"end":{"line":724,"column":21}},"loc":{"start":{"line":724,"column":29},"end":{"line":724,"column":58}},"line":724},"7":{"name":"(anonymous_7)","decl":{"start":{"line":730,"column":24},"end":{"line":730,"column":32}},"loc":{"start":{"line":730,"column":38},"end":{"line":730,"column":69}},"line":730},"8":{"name":"(anonymous_8)","decl":{"start":{"line":735,"column":24},"end":{"line":735,"column":32}},"loc":{"start":{"line":735,"column":38},"end":{"line":735,"column":71}},"line":735},"9":{"name":"(anonymous_9)","decl":{"start":{"line":740,"column":24},"end":{"line":740,"column":32}},"loc":{"start":{"line":740,"column":38},"end":{"line":740,"column":71}},"line":740},"10":{"name":"(anonymous_10)","decl":{"start":{"line":746,"column":15},"end":{"line":746,"column":21}},"loc":{"start":{"line":746,"column":30},"end":{"line":746,"column":55}},"line":746},"11":{"name":"(anonymous_11)","decl":{"start":{"line":749,"column":15},"end":{"line":749,"column":21}},"loc":{"start":{"line":749,"column":30},"end":{"line":749,"column":58}},"line":749},"12":{"name":"(anonymous_12)","decl":{"start":{"line":753,"column":15},"end":{"line":753,"column":21}},"loc":{"start":{"line":753,"column":30},"end":{"line":753,"column":71}},"line":753},"13":{"name":"fetchTemplateBySlug","decl":{"start":{"line":768,"column":22},"end":{"line":768,"column":42}},"loc":{"start":{"line":768,"column":82},"end":{"line":772,"column":null}},"line":768},"14":{"name":"(anonymous_14)","decl":{"start":{"line":770,"column":29},"end":{"line":770,"column":35}},"loc":{"start":{"line":770,"column":41},"end":{"line":770,"column":56}},"line":770},"15":{"name":"fetchRelatedTemplates","decl":{"start":{"line":777,"column":22},"end":{"line":777,"column":null}},"loc":{"start":{"line":781,"column":23},"end":{"line":787,"column":null}},"line":781},"16":{"name":"(anonymous_16)","decl":{"start":{"line":784,"column":5},"end":{"line":784,"column":13}},"loc":{"start":{"line":784,"column":19},"end":{"line":784,"column":68}},"line":784},"17":{"name":"fetchDownloads","decl":{"start":{"line":846,"column":22},"end":{"line":846,"column":37}},"loc":{"start":{"line":846,"column":74},"end":{"line":849,"column":null}},"line":846},"18":{"name":"(anonymous_18)","decl":{"start":{"line":848,"column":23},"end":{"line":848,"column":31}},"loc":{"start":{"line":848,"column":37},"end":{"line":848,"column":56}},"line":848},"19":{"name":"getFunctionUrl","decl":{"start":{"line":858,"column":9},"end":{"line":858,"column":24}},"loc":{"start":{"line":858,"column":46},"end":{"line":866,"column":null}},"line":858},"20":{"name":"callFunction","decl":{"start":{"line":873,"column":15},"end":{"line":873,"column":31}},"loc":{"start":{"line":873,"column":91},"end":{"line":885,"column":null}},"line":873},"21":{"name":"createCheckoutSession","decl":{"start":{"line":898,"column":22},"end":{"line":898,"column":null}},"loc":{"start":{"line":903,"column":42},"end":{"line":910,"column":null}},"line":903},"22":{"name":"cancelSubscription","decl":{"start":{"line":913,"column":22},"end":{"line":913,"column":41}},"loc":{"start":{"line":913,"column":91},"end":{"line":915,"column":null}},"line":913},"23":{"name":"reactivateSubscription","decl":{"start":{"line":923,"column":22},"end":{"line":923,"column":45}},"loc":{"start":{"line":923,"column":99},"end":{"line":925,"column":null}},"line":923},"24":{"name":"createBillingPortalSession","decl":{"start":{"line":932,"column":22},"end":{"line":932,"column":49}},"loc":{"start":{"line":932,"column":94},"end":{"line":934,"column":null}},"line":932},"25":{"name":"getDownloadUrl","decl":{"start":{"line":942,"column":22},"end":{"line":942,"column":null}},"loc":{"start":{"line":945,"column":35},"end":{"line":947,"column":null}},"line":945}},"branchMap":{"0":{"loc":{"start":{"line":687,"column":15},"end":{"line":687,"column":null}},"type":"binary-expr","locations":[{"start":{"line":687,"column":15},"end":{"line":687,"column":30}},{"start":{"line":687,"column":30},"end":{"line":687,"column":null}}],"line":687},"1":{"loc":{"start":{"line":689,"column":6},"end":{"line":694,"column":null}},"type":"cond-expr","locations":[{"start":{"line":690,"column":10},"end":{"line":690,"column":null}},{"start":{"line":691,"column":10},"end":{"line":694,"column":null}}],"line":689},"2":{"loc":{"start":{"line":701,"column":15},"end":{"line":701,"column":40}},"type":"default-arg","locations":[{"start":{"line":701,"column":20},"end":{"line":701,"column":40}}],"line":701},"3":{"loc":{"start":{"line":710,"column":2},"end":{"line":710,"column":null}},"type":"default-arg","locations":[{"start":{"line":710,"column":9},"end":{"line":710,"column":null}}],"line":710},"4":{"loc":{"start":{"line":711,"column":2},"end":{"line":711,"column":null}},"type":"default-arg","locations":[{"start":{"line":711,"column":13},"end":{"line":711,"column":null}}],"line":711},"5":{"loc":{"start":{"line":718,"column":2},"end":{"line":726,"column":null}},"type":"if","locations":[{"start":{"line":718,"column":2},"end":{"line":726,"column":null}},{"start":{},"end":{}}],"line":718},"6":{"loc":{"start":{
[...]
,"s:719:14:719:Infinity":8,"s:720:4:725:Infinity":9,"f:720:24:720:Infinity":5,"s:722:8:724:Infinity":10,"b:722:8:722:Infinity:723:8:723:Infinity:724:8:724:Infinity":6,"f:724:15:724:21":6,"s:724:29:724:58":11,"b:729:2:731:Infinity:undefined:undefined:undefined:undefined":7,"s:729:2:731:Infinity":12,"s:730:4:730:Infinity":13,"f:730:24:730:32":7,"s:730:38:730:69":14,"b:734:2:736:Infinity:undefined:undefined:undefined:undefined":8,"s:734:2:736:Infinity":15,"s:735:4:735:Infinity":16,"f:735:24:735:32":8,"s:735:38:735:71":17,"b:739:2:741:Infinity:undefined:undefined:undefined:undefined":9,"s:739:2:741:Infinity":18,"s:740:4:740:Infinity":19,"f:740:24:740:32":9,"s:740:38:740:71":20,"b:745:4:747:Infinity:748:4:750:Infinity:751:4:751:Infinity:752:4:754:Infinity":10,"s:744:2:755:Infinity":21,"s:746:6:746:Infinity":22,"f:746:15:746:21":10,"s:746:30:746:55":23,"s:747:6:747:Infinity":24,"s:749:6:749:Infinity":25,"f:749:15:749:21":11,"s:749:30:749:58":26,"s:750:6:750:Infinity":27,"s:753:6:753:Infinity":28,"f:753:15:753:21":12,"s:753:30:753:71":29,"s:754:6:754:Infinity":30,"s:757:16:757:Infinity":31,"s:758:21:758:Infinity":32,"s:759:8:759:Infinity":33,"s:760:16:760:Infinity":34,"s:762:2:762:Infinity":35,"f:768:22:768:42":13,"s:769:2:769:Infinity":36,"s:770:16:770:Infinity":37,"f:770:29:770:35":14,"s:770:41:770:56":38,"s:771:2:771:Infinity":39,"b:771:17:771:39:771:39:771:Infinity":11,"f:777:22:777:Infinity":15,"b:780:10:780:Infinity":12,"s:782:2:782:Infinity":40,"s:783:2:786:Infinity":41,"f:784:5:784:13":16,"s:784:19:784:68":42,"b:784:19:784:45:784:45:784:68":13,"s:795:34:841:Infinity":43,"f:846:22:846:37":17,"s:847:2:847:Infinity":44,"s:848:2:848:Infinity":45,"f:848:23:848:31":18,"s:848:37:848:56":46,"f:858:9:858:24":19,"s:859:20:859:Infinity":47,"b:859:20:859:64:859:64:859:Infinity":14,"s:860:17:860:Infinity":48,"s:861:23:861:Infinity":49,"b:862:2:864:Infinity:undefined:undefined:undefined:undefined":15,"s:862:2:864:Infinity":50,"s:863:4:863:Infinity":51,"s:865:2:865:Infinity":52,"f:873:15:873:31":20,"s:874:14:874:Infinity":53,"s:875:14:879:Infinity":54,"s:880:36:880:Infinity":55,"b:881:2:883:Infinity:undefined:undefined:undefined:undefined":16,"s:881:2:883:Infinity":56,"b:881:6:881:17:881:17:881:29":17,"s:882:4:882:Infinity":57,"b:882:20:882:34:882:34:882:67":18,"s:884:2:884:Infinity":58,"f:898:22:898:Infinity":21,"s:904:2:909:Infinity":59,"b:907:21:907:38:907:38:907:Infinity":19,"b:908:20:908:36:908:36:908:Infinity":20,"f:913:22:913:41":22,"s:914:2:914:Infinity":60,"f:923:22:923:45":23,"s:924:2:924:Infinity":61,"f:932:22:932:49":24,"s:933:2:933:Infinity":62,"f:942:22:942:Infinity":25,"s:946:2:946:Infinity":63},"fnNames":{}}}
,"/home/admin/.openclaw/workspace/free-templates-firebase/src/lib/queryClient.ts": {"path":"/home/admin/.openclaw/workspace/free-templates-firebase/src/lib/queryClient.ts","statementMap":{"0":{"start":{"line":7,"column":0},"end":{"line":20,"column":null}},"1":{"start":{"line":8,"column":8},"end":{"line":8,"column":null}},"2":{"start":{"line":8,"column":29},"end":{"line":8,"column":null}},"3":{"start":{"line":9,"column":8},"end":{"line":9,"column":null}},"4":{"start":{"line":9,"column":30},"end":{"line":9,"column":null}},"5":{"start":{"line":11,"column":2},"end":{"line":11,"column":null}},"6":{"start":{"line":12,"column":2},"end":{"line":12,"column":null}},"7":{"start":{"line":14,"column":2},"end":{"line":14,"column":null}},"8":{"start":{"line":16,"column":2},"end":{"line":19,"column":null}},"9":{"start":{"line":17,"column":4},"end":{"line":17,"column":null}},"10":{"start":{"line":18,"column":4},"end":{"line":18,"column":null}},"11":{"start":{"line":22,"column":27},"end":{"line":32,"column":null}},"12":{"start":{"line":27,"column":36},"end":{"line":27,"column":null}}},"fnMap":{"0":{"name":"(anonymous_0)","decl":{"start":{"line":7,"column":14},"end":{"line":7,"column":32}},"loc":{"start":{"line":7,"column":46},"end":{"line":20,"column":1}},"line":7},"1":{"name":"(anonymous_1)","decl":{"start":{"line":8,"column":8},"end":{"line":8,"column":29}},"loc":{"start":{"line":8,"column":29},"end":{"line":8,"column":null}},"line":8},"2":{"name":"(anonymous_2)","decl":{"start":{"line":9,"column":8},"end":{"line":9,"column":30}},"loc":{"start":{"line":9,"column":30},"end":{"line":9,"column":null}},"line":9},"3":{"name":"(anonymous_3)","decl":{"start":{"line":16,"column":2},"end":{"line":16,"column":15}},"loc":{"start":{"line":16,"column":15},"end":{"line":19,"column":null}},"line":16},"4":{"name":"(anonymous_4)","decl":{"start":{"line":27,"column":6},"end":{"line":27,"column":19}},"loc":{"start":{"line":27,"column":36},"end":{"line":27,"column":null}},"line":27}},"branchMap":{},"s":{"0":3,"1":3,"2":0,"3":3,"4":0,"5":3,"6":3,"7":3,"8":3,"9":2,"10":2,"11":3,"12":6},"f":{"0":3,"1":0,"2":0,"3":2,"4":6},"b":{},"meta":{"lastBranch":0,"lastFunction":5,"lastStatement":13,"seen":{"s:7:0:20:Infinity":0,"f:7:14:7:32":0,"s:8:8:8:Infinity":1,"f:8:8:8:29":1,"s:8:29:8:Infinity":2,"s:9:8:9:Infinity":3,"f:9:8:9:30":2,"s:9:30:9:Infinity":4,"s:11:2:11:Infinity":5,"s:12:2:12:Infinity":6,"s:14:2:14:Infinity":7,"s:16:2:19:Infinity":8,"f:16:2:16:15":3,"s:17:4:17:Infinity":9,"s:18:4:18:Infinity":10,"s:22:27:32:Infinity":11,"f:27:6:27:19":4,"s:27:36:27:Infinity":12},"fnNames":{}}}
,"/home/admin/.openclaw/workspace/free-templates-firebase/src/lib/utils.ts": {"path":"/home/admin/.openclaw/workspace/free-templates-firebase/src/lib/utils.ts","statementMap":{"0":{"start":{"line":5,"column":2},"end":{"line":5,"column":null}},"1":{"start":{"line":9,"column":2},"end":{"line":9,"column":null}},"2":{"start":{"line":9,"column":22},"end":{"line":9,"column":null}},"3":{"start":{"line":10,"column":2},"end":{"line":10,"column":null}},"4":{"start":{"line":10,"column":18},"end":{"line":10,"column":null}},"5":{"start":{"line":11,"column":2},"end":{"line":11,"column":null}},"6":{"start":{"line":15,"column":12},"end":{"line":15,"column":null}},"7":{"start":{"line":16,"column":2},"end":{"line":16,"column":null}},"8":{"start":{"line":20,"column":2},"end":{"line":26,"column":null}},"9":{"start":{"line":41,"column":2},"end":{"line":41,"column":null}},"10":{"start":{"line":48,"column":2},"end":{"line":48,"column":null}},"11":{"start":{"line":48,"column":49},"end":{"line":48,"column":91}}},"fnMap":{"0":{"name":"cn","decl":{"start":{"line":4,"column":16},"end":{"line":4,"column":19}},"loc":{"start":{"line":4,"column":44},"end":{"line":6,"column":null}},"line":4},"1":{"name":"formatNumber","decl":{"start":{"line":8,"column":16},"end":{"line":8,"column":29}},"loc":{"start":{"line":8,"column":48},"end":{"line":12,"column":null}},"line":8},"2":{"name":"formatDate","decl":{"start":{"line":14,"column":16},"end":{"line":14,"column":27}},"loc":{"start":{"line":14,"column":90},"end":{"line":17,"column":null}},"line":14},"3":{"name":"slugify","decl":{"start":{"line":19,"column":16},"end":{"line":19,"column":24}},"loc":{"start":{"line":19,"column":46},"end":{"line":27,"column":null}},"line":19},"4":{"name":"templateImageUrl","decl":{"start":{"line":35,"column":16},"end":{"line":35,"column":null}},"loc":{"start":{"line":40,"column":10},"end":{"line":42,"column":null}},"line":40},"5":{"name":"templateGalleryUrls","decl":{"start":{"line":47,"column":16},"end":{"line":47,"column":36}},"loc":{"start":{"line":47,"column":71},"end":{"line":49,"column":null}},"line":47},"6":{"name":"(anonymous_6)","decl":{"start":{"line":48,"column":36},"end":{"line":48,"column":40}},"loc":{"start":{"line":48,"column":49},"end":{"line":48,"column":91}},"line":48}},"branchMap":{"0":{"loc":{"start":{"line":9,"column":2},"end":{"line":9,"column":null}},"type":"if","locations":[{"start":{"line":9,"column":2},"end":{"line":9,"column":null}},{"start":{},"end":{}}],"line":9},"1":{"loc":{"start":{"line":10,"column":2},"end":{"line":10,"column":null}},"type":"if","locations":[{"start":{"line":10,"column":2},"end":{"line":10,"column":null}},{"start":{},"end":{}}],"line":10},"2":{"loc":{"start":{"line":15,"column":12},"end":{"line":15,"column":null}},"type":"cond-expr","locations":[{"start":{"line":15,"column":35},"end":{"line":15,"column":42}},{"start":{"line":15,"column":42},"end":{"line":15,"column":null}}],"line":15},"3":{"loc":{"start":{"line":37,"column":2},"end":{"line":37,"column":null}},"type":"default-arg","locations":[{"start":{"line":37,"column":12},"end":{"line":37,"column":null}}],"line":37},"4":{"loc":{"start":{"line":38,"column":2},"end":{"line":38,"column":null}},"type":"default-arg","locations":[{"start":{"line":38,"column":10},"end":{"line":38,"column":null}}],"line":38},"5":{"loc":{"start":{"line":39,"column":2},"end":{"line":39,"column":null}},"type":"default-arg","locations":[{"start":{"line":39,"column":11},"end":{"line":39,"column":null}}],"line":39},"6":{"loc":{"start":{"line":41,"column":46},"end":{"line":41,"column":86}},"type":"cond-expr","locations":[{"start":{"line":41,"column":67},"end":{"line":41,"column":72}},{"start":{"line":41,"column":72},"end":{"line":41,"column":86}}],"line":41},"7":{"loc":{"start":{"line":47,"column":50},"end":{"line":47,"column":71}},"type":"default-arg","locations":[{"start":{"line":47,"column":58},"end":{"line":47,"column":71}}],"line":47}},"s":{"0":230,"1":8,"2":2,"3":6,"4":3,"5":3,"6":2,"7":2,"8":5,"9":11,"10":2,"11":8},"f":{"0":230,"1":8,"2":2,"3":5,"4":11,"5":2,"6":8},"b":{"0":[2,6],"1":[3,3],"2":[1,1],"3":[11],"4":[11],"5":[11],"6":[2,9],"7":[2]},"meta":{"lastBranch":8,"lastFunction":7,"lastStatement":12,"seen":{"f:4:16:4:19":0,"s:5:2:5:Infinity":0,"f:8:16:8:29":1,"b:9:2:9:Infinity:undefined:undefined:undefined:undefined":0,"s:9:2:9:Infinity":1,"s:9:22:9:Infinity":2,"b:10:2:10:Infinity:undefined:undefined:undefined:undefined":1,"s:10:2:10:Infinity":3,"s:10:18:10:Infinity":4,"s:11:2:11:Infinity":5,"f:14:16:14:27":2,"s:15:12:15:Infinity":6,"b:15:35:15:42:15:42:15:Infinity":2,"s:16:2:16:Infinity":7,"f:19:16:19:24":3,"s:20:2:26:Infinity":8,"f:35:16:35:Infinity":4,"b:37:12:37:Infinity":3,"b:38:10:38:Infinity":4,"b:39:11:39:Infinity":5,"s:41:2:41:Infinity":9,"b:41:67:41:72:41:72:41:86":6,"f:47:16:47:36":5,"b:47:58:47:71":7,"s:48:2:48:Infinity":10,"f:48:36:48:40":6,"s:48:49:48:91":11},"fnNames":{}}}
,"/home/admin/.openclaw/workspace/free-templates-firebase/src/stores/authStore.ts": {"path":"/home/admin/.openclaw/workspace/free-templates-firebase/src/stores/authStore.ts","statementMap":{"0":{"start":{"line":16,"column":28},"end":{"line":23,"column":null}},"1":{"start":{"line":16,"column":53},"end":{"line":23,"column":2}},"2":{"start":{"line":26,"column":43},"end":{"line":26,"column":null}},"3":{"start":{"line":27,"column":46},"end":{"line":27,"column":null}},"4":{"start":{"line":30,"column":2},"end":{"line":30,"column":null}},"5":{"start":{"line":30,"column":23},"end":{"line":30,"column":null}},"6":{"start":{"line":32,"column":2},"end":{"line":89,"column":null}},"7":{"start":{"line":33,"column":4},"end":{"line":88,"column":null}},"8":{"start":{"line":34,"column":6},"end":{"line":34,"column":null}},"9":{"start":{"line":37,"column":25},"end":{"line":37,"column":null}},"10":{"start":{"line":38,"column":6},"end":{"line":73,"column":null}},"11":{"start":{"line":41,"column":10},"end":{"line":61,"column":null}},"12":{"start":{"line":42,"column":28},"end":{"line":42,"column":null}},"13":{"start":{"line":43,"column":12},"end":{"line":51,"column":null}},"14":{"start":{"line":54,"column":12},"end":{"line":60,"column":null}},"15":{"start":{"line":64,"column":10},"end":{"line":64,"column":null}},"16":{"start":{"line":65,"column":10},"end":{"line":71,"column":null}},"17":{"start":{"line":76,"column":6},"end":{"line":79,"column":null}},"18":{"start":{"line":77,"column":8},"end":{"line":77,"column":null}},"19":{"start":{"line":78,"column":8},"end":{"line":78,"column":null}},"20":{"start":{"line":80,"column":6},"end":{"line":87,"column":null}},"21":{"start":{"line":93,"column":2},"end":{"line":96,"column":null}},"22":{"start":{"line":94,"column":4},"end":{"line":94,"column":null}},"23":{"start":{"line":95,"column":4},"end":{"line":95,"column":null}},"24":{"start":{"line":97,"column":2},"end":{"line":100,"column":null}},"25":{"start":{"line":98,"column":4},"end":{"line":98,"column":null}},"26":{"start":{"line":99,"column":4},"end":{"line":99,"column":null}}},"fnMap":{"0":{"name":"(anonymous_0)","decl":{"start":{"line":16,"column":28},"end":{"line":16,"column":53}},"loc":{"start":{"line":16,"column":53},"end":{"line":23,"column":2}},"line":16},"1":{"name":"initAuthListener","decl":{"start":{"line":29,"column":16},"end":{"line":29,"column":35}},"loc":{"start":{"line":29,"column":35},"end":{"line":90,"column":null}},"line":29},"2":{"name":"(anonymous_2)","decl":{"start":{"line":32,"column":39},"end":{"line":32,"column":46}},"loc":{"start":{"line":32,"column":55},"end":{"line":89,"column":3}},"line":32},"3":{"name":"(anonymous_3)","decl":{"start":{"line":39,"column":8},"end":{"line":39,"column":null}},"loc":{"start":{"line":40,"column":22},"end":{"line":62,"column":null}},"line":40},"4":{"name":"(anonymous_4)","decl":{"start":{"line":62,"column":8},"end":{"line":62,"column":null}},"loc":{"start":{"line":63,"column":19},"end":{"line":72,"column":null}},"line":63},"5":{"name":"cleanupAuthListener","decl":{"start":{"line":92,"column":16},"end":{"line":92,"column":38}},"loc":{"start":{"line":92,"column":38},"end":{"line":101,"column":null}},"line":92}},"branchMap":{"0":{"loc":{"start":{"line":30,"column":2},"end":{"line":30,"column":null}},"type":"if","locations":[{"start":{"line":30,"column":2},"end":{"line":30,"column":null}},{"start":{},"end":{}}],"line":30},"1":{"loc":{"start":{"line":33,"column":4},"end":{"line":88,"column":null}},"type":"if","locations":[{"start":{"line":33,"column":4},"end":{"line":88,"column":null}},{"start":{"line":74,"column":11},"end":{"line":88,"column":null}}],"line":33},"2":{"loc":{"start":{"line":41,"column":10},"end":{"line":61,"column":null}},"type":"if","locations":[{"start":{"line":41,"column":10},"end":{"line":61,"column":null}},{"start":{"line":52,"column":17},"end":{"line":61,"column":null}}],"line":41},"3":{"loc":{"start":{"line":46,"column":16},"end":{"line":47,"column":null}},"type":"binary-expr","locations":[{"start":{"line":46,"column":16},"end":{"line":46,"column":null}},{"start":{"line":47,"column":16},"end":{"line":47,"column":null}}],"line":46},"4":{"loc":{"start":{"line":76,"column":6},"end":{"line":79,"column":null}},"type":"if","locations":[{"start":{"line":76,"column":6},"end":{"line":79,"column":null}},{"start":{},"end":{}}],"line":76},"5":{"loc":{"start":{"line":93,"column":2},"end":{"line":96,"column":null}},"type":"if","locations":[{"start":{"line":93,"column":2},"end":{"line":96,"column":null}},{"start":{},"end":{}}],"line":93},"6":{"loc":{"start":{"line":97,"column":2},"end":{"line":100,"column":null}},"type":"if","locations":[{"start":{"line":97,"column":2},"end":{"line":100,"column":null}},{"start":{},"end":{}}],"line":97}},"s":{"0":1,"1":1,"2":1,"3":1,"4":10,"5":1,"6":9,"7":10,"8":7,"9":7,"10":7,"11":4,"12":3,"13":3,"14":1,"15":2,"16":2,"17":3,"18":1,"19":1,"20":3,"21":13,"22":5,"23":5,"24":13,"25":9,"26":9},"f":{"0":1,"1":10,"2":10,"3":4,"4":2,"5":13},"b":{"0":[1,9],"1":[7,3],"2":[3,1],"3":[3,1],"4":[1,2],"5":[5,8],"6":[9,4]},"meta":{"lastBranch":7,"lastFunction":6,"lastStatement":27,"seen":{"s:16:28:23:Infinity":0,"f:16:28:16:53":0,"s:16:53:23:2":1,"s:26:43:26:Infinity":2,"s:27:46:27:Infinity":3,"f:29:16:29:35":1,"b:30:2:30:Infinity:undefined:undefined:undefined:undefined":0,"s:30:2:30:Infinity":4,"s:30:23:30:Infinity":5,"s:32:2:89:Infinity":6,"f:32:39:32:46":2,"b:33:4:88:Infinity:74:11:88:Infinity":1,"s:33:4:88:Infinity":7,"s:34:6:34:Infinity":8,"s:37:25:37:Infinity":9,"s:38:6:73:Infinity":10,"f:39:8:39:Infinity":3,"b:41:10:61:Infinity:52:17:61:Infinity":2,"s:41:10:61:Infinity":11,"s:42:28:42:Infinity":12,"s:43:12:51:Infinity":13,"b:46:16:46:Infinity:47:16:47:Infinity":3,"s:54:12:60:Infinity":14,"f:62:8:62:Infinity":4,"s:64:10:64:Infinity":15,"s:65:10:71:Infinity":16,"b:76:6:79:Infinity:undefined:undefined:undefined:undefined":4,"s:76:6:79:Infinity":17,"s:77:8:77:Infinity":18,"s:78:8:78:Infinity":19,"s:80:6:87:Infinity":20,"f:92:16:92:38":5,"b:93:2:96:Infinity:undefined:undefined:undefined:undefined":5,"s:93:2:96:Infinity":21,"s:94:4:94:Infinity":22,"s:95:4:95:Infinity":23,"b:97:2:100:Infinity:undefined:undefined:undefined:undefined":6,"s:97:2:100:Infinity":24,"s:98:4:98:Infinity":25,"s:99:4:99:Infinity":26},"fnNames":{}}}
,"/home/admin/.openclaw/workspace/free-templates-firebase/src/stores/uiStore.ts": {"path":"/home/admin/.openclaw/workspace/free-templates-firebase/src/stores/uiStore.ts","statementMap":{"0":{"start":{"line":11,"column":26},"end":{"line":40,"column":null}},"1":{"start":{"line":13,"column":14},"end":{"line":27,"column":null}},"2":{"start":{"line":17,"column":8},"end":{"line":25,"column":null}},"3":{"start":{"line":18,"column":23},"end":{"line":18,"column":null}},"4":{"start":{"line":19,"column":10},"end":{"line":23,"column":null}},"5":{"start":{"line":20,"column":12},"end":{"line":20,"column":null}},"6":{"start":{"line":22,"column":12},"end":{"line":22,"column":null}},"7":{"start":{"line":24,"column":10},"end":{"line":24,"column":null}},"8":{"start":{"line":26,"column":35},"end":{"line":26,"column":null}},"9":{"start":{"line":30,"column":30},"end":{"line":30,"column":null}},"10":{"start":{"line":31,"column":6},"end":{"line":37,"column":null}},"11":{"start":{"line":32,"column":8},"end":{"line":36,"column":null}},"12":{"start":{"line":33,"column":10},"end":{"line":33,"column":null}},"13":{"start":{"line":35,"column":10},"end":{"line":35,"column":null}}},"fnMap":{"0":{"name":"(anonymous_0)","decl":{"start":{"line":12,"column":2},"end":{"line":12,"column":null}},"loc":{"start":{"line":13,"column":14},"end":{"line":27,"column":null}},"line":13},"1":{"name":"(anonymous_1)","decl":{"start":{"line":16,"column":6},"end":{"line":16,"column":null}},"loc":{"start":{"line":17,"column":8},"end":{"line":25,"column":null}},"line":17},"2":{"name":"(anonymous_2)","decl":{"start":{"line":17,"column":8},"end":{"line":17,"column":13}},"loc":{"start":{"line":17,"column":23},"end":{"line":25,"column":9}},"line":17},"3":{"name":"(anonymous_3)","decl":{"start":{"line":26,"column":6},"end":{"line":26,"column":26}},"loc":{"start":{"line":26,"column":35},"end":{"line":26,"column":null}},"line":26},"4":{"name":"(anonymous_4)","decl":{"start":{"line":30,"column":6},"end":{"line":30,"column":19}},"loc":{"start":{"line":30,"column":30},"end":{"line":30,"column":null}},"line":30},"5":{"name":"(anonymous_5)","decl":{"start":{"line":31,"column":6},"end":{"line":31,"column":33}},"loc":{"start":{"line":31,"column":6},"end":{"line":37,"column":null}},"line":31}},"branchMap":{"0":{"loc":{"start":{"line":19,"column":10},"end":{"line":23,"column":null}},"type":"if","locations":[{"start":{"line":19,"column":10},"end":{"line":23,"column":null}},{"start":{"line":21,"column":17},"end":{"line":23,"column":null}}],"line":19},"1":{"loc":{"start":{"line":32,"column":8},"end":{"line":36,"column":null}},"type":"if","locations":[{"start":{"line":32,"column":8},"end":{"line":36,"column":null}},{"start":{"line":34,"column":15},"end":{"line":36,"column":null}}],"line":32}},"s":{"0":1,"1":1,"2":115,"3":115,"4":115,"5":60,"6":55,"7":115,"8":109,"9":242,"10":4,"11":4,"12":1,"13":3},"f":{"0":1,"1":115,"2":115,"3":109,"4":242,"5":8},"b":{"0":[60,55],"1":[1,3]},"meta":{"lastBranch":2,"lastFunction":6,"lastStatement":14,"seen":{"s:11:26:40:Infinity":0,"f:12:2:12:Infinity":0,"s:13:14:27:Infinity":1,"f:16:6:16:Infinity":1,"s:17:8:25:Infinity":2,"f:17:8:17:13":2,"s:18:23:18:Infinity":3,"b:19:10:23:Infinity:21:17:23:Infinity":0,"s:19:10:23:Infinity":4,"s:20:12:20:Infinity":5,"s:22:12:22:Infinity":6,"s:24:10:24:Infinity":7,"f:26:6:26:26":3,"s:26:35:26:Infinity":8,"f:30:6:30:19":4,"s:30:30:30:Infinity":9,"f:31:6:31:33":5,"s:31:6:37:Infinity":10,"b:32:8:36:Infinity:34:15:36:Infinity":1,"s:32:8:36:Infinity":11,"s:33:10:33:Infinity":12,"s:35:10:35:Infinity":13},"fnNames":{}}}
}
